\BOOKMARK [1][-]{section*.1}{\376\377\004\022\004\022\004\025\004\024\004\025\004\035\004\030\004\025}{}% 1
\BOOKMARK [1][-]{section.1}{\376\377\004\030\004\101\004\102\004\076\004\100\004\070\004\117\000\040\004\117\004\067\004\113\004\072\004\060\000\040\000P\000y\000t\000h\000o\000n}{}% 2
\BOOKMARK [1][-]{section.2}{\376\377\004\036\004\101\004\075\004\076\004\062\004\113\000\040\004\101\004\070\004\075\004\102\004\060\004\072\004\101\004\070\004\101\004\060\000\040\000P\000y\000t\000h\000o\000n}{}% 3
\BOOKMARK [2][-]{subsection.2.1}{\376\377\004\036\004\061\004\111\004\070\004\065\000\040\004\101\004\062\004\065\004\064\004\065\004\075\004\070\004\117}{section.2}% 4
\BOOKMARK [2][-]{subsection.2.2}{\376\377\004\043\004\101\004\073\004\076\004\062\004\075\004\113\004\071\000\040\004\076\004\077\004\065\004\100\004\060\004\102\004\076\004\100\000\040\000i\000f\000-\000e\000l\000s\000e}{section.2}% 5
\BOOKMARK [2][-]{subsection.2.3}{\376\377\004\046\004\070\004\072\004\073\004\113}{section.2}% 6
\BOOKMARK [3][-]{subsubsection.2.3.1}{\376\377\004\046\004\070\004\072\004\073\000\040\004\101\000\040\004\077\004\060\004\100\004\074\004\065\004\102\004\100\004\076\004\074\000\040\000\050\000f\000o\000r\000\051}{subsection.2.3}% 7
\BOOKMARK [3][-]{subsubsection.2.3.2}{\376\377\004\046\004\070\004\072\004\073\000\040\004\101\000\040\004\077\004\100\004\065\004\064\004\103\004\101\004\073\004\076\004\062\004\070\004\065\004\074\000\040\000\050\000w\000h\000i\000l\000e\000\051}{subsection.2.3}% 8
\BOOKMARK [2][-]{subsection.2.4}{\376\377\004\044\004\103\004\075\004\072\004\106\004\070\004\070}{section.2}% 9
\BOOKMARK [1][-]{section.3}{\376\377\004\041\004\102\004\100\004\103\004\072\004\102\004\103\004\100\004\113\000\040\004\064\004\060\004\075\004\075\004\113\004\105\000\040\004\062\000\040\000P\000y\000t\000h\000o\000n}{}% 10
\BOOKMARK [2][-]{subsection.3.1}{\376\377\004\041\004\102\004\100\004\076\004\072\004\070}{section.3}% 11
\BOOKMARK [2][-]{subsection.3.2}{\376\377\004\041\004\077\004\070\004\101\004\072\004\070}{section.3}% 12
\BOOKMARK [1][-]{section.4}{\376\377\004\021\004\070\004\061\004\073\004\070\004\076\004\102\004\065\004\072\004\060\000\040\000R\000a\000n\000d\000o\000m}{}% 13
\BOOKMARK [1][-]{section.5}{\376\377\004\021\004\070\004\061\004\073\004\070\004\076\004\102\004\065\004\072\004\060\000\040\000N\000u\000m\000P\000y}{}% 14
\BOOKMARK [1][-]{section.6}{\376\377\004\021\004\070\004\061\004\073\004\070\004\076\004\102\004\065\004\072\004\060\000\040\000M\000A\000T\000H\000P\000L\000O\000T\000L\000I\000B}{}% 15
\BOOKMARK [1][-]{section.7}{\376\377\004\021\004\070\004\061\004\073\004\070\004\076\004\102\004\065\004\072\004\060\000\040\000P\000a\000n\000d\000a\000s}{}% 16
\BOOKMARK [1][-]{section.8}{\376\377\004\044\004\070\004\075\004\060\004\073\004\114\004\075\004\060\004\117\000\040\004\067\004\060\004\064\004\060\004\107\004\060}{}% 17
\BOOKMARK [1][-]{section*.8}{\376\377\004\027\004\020\004\032\004\033\004\056\004\047\004\025\004\035\004\030\004\025}{}% 18
\BOOKMARK [1][-]{appendix.A}{\376\377\004\022\004\065\004\072\004\102\004\076\004\100}{}% 19
\BOOKMARK [1][-]{appendix.B}{\376\377\004\046\004\070\004\072\004\073\004\113}{}% 20
\BOOKMARK [1][-]{appendix.C}{\376\377\004\044\004\103\004\075\004\072\004\106\004\070\004\070}{}% 21
\BOOKMARK [1][-]{appendix.D}{\376\377\004\041\004\102\004\100\004\076\004\072\004\070}{}% 22
\BOOKMARK [1][-]{appendix.E}{\376\377\004\041\004\077\004\070\004\101\004\072\004\070}{}% 23
\BOOKMARK [1][-]{appendix.F}{\376\377\004\021\004\070\004\061\004\073\004\070\004\076\004\102\004\065\004\072\004\060\000\040\000R\000a\000n\000d\000o\000m}{}% 24
\BOOKMARK [1][-]{appendix.G}{\376\377\004\021\004\070\004\061\004\073\004\070\004\076\004\102\004\065\004\072\004\060\000\040\000N\000u\000m\000P\000y}{}% 25
\BOOKMARK [1][-]{appendix.H}{\376\377\004\021\004\070\004\061\004\073\004\070\004\076\004\102\004\065\004\072\004\060\000\040\000M\000a\000t\000h\000p\000l\000o\000t\000L\000i\000b}{}% 26
\BOOKMARK [1][-]{appendix.I}{\376\377\004\021\004\070\004\061\004\073\004\070\004\076\004\102\004\065\004\072\004\060\000\040\000P\000a\000n\000d\000a\000s}{}% 27
\BOOKMARK [1][-]{appendix.J}{\376\377\004\044\004\070\004\075\004\060\004\073\004\114\004\075\004\060\004\117\000\040\004\067\004\060\004\064\004\060\004\107\004\060}{}% 28
