This is pdfTeX, Version 3.14159265-2.6-1.40.18 (MiKTeX 2.9.6500) (preloaded format=pdflatex 2018.1.22)  23 SEP 2019 00:25
entering extended mode
**./pract-Burdavitsyn.tex
(pract-Burdavitsyn.tex
LaTeX2e <2017-04-15>
Babel <3.16> and hyphenation patterns for 75 language(s) loaded.
(SCWorks.cls
("C:\Users\artyo\OneDrive\–†–∞–±–æ—á–∏–π —Å—Ç–æ–ª\PortableTEX\texmfs\install\te
x\latex\extsizes\extarticle.cls"
Document Class: extarticle 1996/10/08 v1.0 Non Standard LaTeX document class

("C:\Users\artyo\OneDrive\–†–∞–±–æ—á–∏–π —Å—Ç–æ–ª\PortableTEX\texmfs\install\te
x\latex\extsizes\size14.clo"
File: size14.clo 1999/11/11 v1.4a NON-Standard LaTeX file (size option)
)
("C:\Users\artyo\OneDrive\–†–∞–±–æ—á–∏–π —Å—Ç–æ–ª\PortableTEX\texmfs\install\te
x\latex\base\exscale.sty"
Package: exscale 2014/09/29 v2.1h Standard LaTeX package exscale
LaTeX Font Info:    Redeclaring symbol font `largesymbols' on input line 57.
LaTeX Font Info:    Overwriting symbol font `largesymbols' in version `normal'
(Font)                  OMX/cmex/m/n --> OMX/cmex/m/n on input line 57.
LaTeX Font Info:    Overwriting symbol font `largesymbols' in version `bold'
(Font)                  OMX/cmex/m/n --> OMX/cmex/m/n on input line 57.
\big@size=\dimen102
)
\c@part=\count79
\c@section=\count80
\c@subsection=\count81
\c@subsubsection=\count82
\c@paragraph=\count83
\c@subparagraph=\count84
\c@figure=\count85
\c@table=\count86
\abovecaptionskip=\skip41
\belowcaptionskip=\skip42
\bibindent=\dimen103
)
("C:\Users\artyo\OneDrive\–†–∞–±–æ—á–∏–π —Å—Ç–æ–ª\PortableTEX\texmfs\install\te
x\latex\geometry\geometry.sty"
Package: geometry 2010/09/12 v5.6 Page Geometry

("C:\Users\artyo\OneDrive\–†–∞–±–æ—á–∏–π —Å—Ç–æ–ª\PortableTEX\texmfs\install\te
x\latex\graphics\keyval.sty"
Package: keyval 2014/10/28 v1.15 key=value parser (DPC)
\KV@toks@=\toks14
)
("C:\Users\artyo\OneDrive\–†–∞–±–æ—á–∏–π —Å—Ç–æ–ª\PortableTEX\texmfs\install\te
x\generic\oberdiek\ifpdf.sty"
Package: ifpdf 2017/03/15 v3.2 Provides the ifpdf switch
)
("C:\Users\artyo\OneDrive\–†–∞–±–æ—á–∏–π —Å—Ç–æ–ª\PortableTEX\texmfs\install\te
x\generic\oberdiek\ifvtex.sty"
Package: ifvtex 2016/05/16 v1.6 Detect VTeX and its facilities (HO)
Package ifvtex Info: VTeX not detected.
)
("C:\Users\artyo\OneDrive\–†–∞–±–æ—á–∏–π —Å—Ç–æ–ª\PortableTEX\texmfs\install\te
x\generic\ifxetex\ifxetex.sty"
Package: ifxetex 2010/09/12 v0.6 Provides ifxetex conditional
)
\Gm@cnth=\count87
\Gm@cntv=\count88
\c@Gm@tempcnt=\count89
\Gm@bindingoffset=\dimen104
\Gm@wd@mp=\dimen105
\Gm@odd@mp=\dimen106
\Gm@even@mp=\dimen107
\Gm@layoutwidth=\dimen108
\Gm@layoutheight=\dimen109
\Gm@layouthoffset=\dimen110
\Gm@layoutvoffset=\dimen111
\Gm@dimlist=\toks15

("C:\Users\artyo\OneDrive\–†–∞–±–æ—á–∏–π —Å—Ç–æ–ª\PortableTEX\texmfs\install\te
x\latex\geometry\geometry.cfg"))
("C:\Users\artyo\OneDrive\–†–∞–±–æ—á–∏–π —Å—Ç–æ–ª\PortableTEX\texmfs\install\te
x\latex\setspace\setspace.sty"
Package: setspace 2011/12/19 v6.7a set line spacing
)
("C:\Users\artyo\OneDrive\–†–∞–±–æ—á–∏–π —Å—Ç–æ–ª\PortableTEX\texmfs\install\te
x\latex\tools\calc.sty"
Package: calc 2014/10/28 v4.3 Infix arithmetic (KKT,FJ)
\calc@Acount=\count90
\calc@Bcount=\count91
\calc@Adimen=\dimen112
\calc@Bdimen=\dimen113
\calc@Askip=\skip43
\calc@Bskip=\skip44
LaTeX Info: Redefining \setlength on input line 80.
LaTeX Info: Redefining \addtolength on input line 81.
\calc@Ccount=\count92
\calc@Cskip=\skip45
)
("C:\Users\artyo\OneDrive\–†–∞–±–æ—á–∏–π —Å—Ç–æ–ª\PortableTEX\texmfs\install\te
x\latex\titlesec\titlesec.sty"
Package: titlesec 2016/03/21 v2.10.2 Sectioning titles
\ttl@box=\box26
\beforetitleunit=\skip46
\aftertitleunit=\skip47
\ttl@plus=\dimen114
\ttl@minus=\dimen115
\ttl@toksa=\toks16
\titlewidth=\dimen116
\titlewidthlast=\dimen117
\titlewidthfirst=\dimen118
)
("C:\Users\artyo\OneDrive\–†–∞–±–æ—á–∏–π —Å—Ç–æ–ª\PortableTEX\texmfs\install\te
x\latex\titlesec\titletoc.sty"
Package: titletoc 2011/12/15 v1.6 TOC entries
\ttl@leftsep=\dimen119
)
("C:\Users\artyo\OneDrive\–†–∞–±–æ—á–∏–π —Å—Ç–æ–ª\PortableTEX\texmfs\install\te
x\latex\caption\caption.sty"
Package: caption 2016/02/21 v3.3-144 Customizing captions (AR)

("C:\Users\artyo\OneDrive\–†–∞–±–æ—á–∏–π —Å—Ç–æ–ª\PortableTEX\texmfs\install\te
x\latex\caption\caption3.sty"
Package: caption3 2016/05/22 v1.7-166 caption3 kernel (AR)
Package caption3 Info: TeX engine: e-TeX on input line 67.
\captionmargin=\dimen120
\captionmargin@=\dimen121
\captionwidth=\dimen122
\caption@tempdima=\dimen123
\caption@indent=\dimen124
\caption@parindent=\dimen125
\caption@hangindent=\dimen126
)
\c@ContinuedFloat=\count93
)
("C:\Users\artyo\OneDrive\–†–∞–±–æ—á–∏–π —Å—Ç–æ–ª\PortableTEX\texmfs\install\te
x\latex\enumitem\enumitem.sty"
Package: enumitem 2011/09/28 v3.5.2 Customized lists
\labelindent=\skip48
\enit@outerparindent=\dimen127
\enit@toks=\toks17
\enit@inbox=\box27
\enitdp@description=\count94
)
\tmp=\skip49

("C:\Users\artyo\OneDrive\–†–∞–±–æ—á–∏–π —Å—Ç–æ–ª\PortableTEX\texmfs\install\te
x\latex\titlesec\block.tss"
File: block.tss 2016/03/15
))
("C:\Users\artyo\OneDrive\–†–∞–±–æ—á–∏–π —Å—Ç–æ–ª\PortableTEX\texmfs\install\te
x\latex\base\fontenc.sty"
Package: fontenc 2017/04/05 v2.0i Standard LaTeX package

("C:\Users\artyo\OneDrive\–†–∞–±–æ—á–∏–π —Å—Ç–æ–ª\PortableTEX\texmfs\install\te
x\latex\cyrillic\t2aenc.def"
File: t2aenc.def 2005/09/27 v1.0i Cyrillic encoding definition file
)
LaTeX Font Info:    Try loading font information for T2A+cmr on input line 105.


("C:\Users\artyo\OneDrive\–†–∞–±–æ—á–∏–π —Å—Ç–æ–ª\PortableTEX\texmfs\install\te
x\latex\cyrillic\t2acmr.fd"
File: t2acmr.fd 2001/08/11 v1.0a Computer Modern Cyrillic font definitions
))
("C:\Users\artyo\OneDrive\–†–∞–±–æ—á–∏–π —Å—Ç–æ–ª\PortableTEX\texmfs\install\te
x\latex\base\inputenc.sty"
Package: inputenc 2015/03/17 v1.2c Input encoding file
\inpenc@prehook=\toks18
\inpenc@posthook=\toks19

("C:\Users\artyo\OneDrive\–†–∞–±–æ—á–∏–π —Å—Ç–æ–ª\PortableTEX\texmfs\install\te
x\latex\cyrillic\cp1251.def"
File: cp1251.def 2014/10/28 v1.0d Input encoding file
))
("C:\Users\artyo\OneDrive\–†–∞–±–æ—á–∏–π —Å—Ç–æ–ª\PortableTEX\texmfs\install\te
x\latex\graphics\graphicx.sty"
Package: graphicx 2017/06/01 v1.1a Enhanced LaTeX Graphics (DPC,SPQR)

("C:\Users\artyo\OneDrive\–†–∞–±–æ—á–∏–π —Å—Ç–æ–ª\PortableTEX\texmfs\install\te
x\latex\graphics\graphics.sty"
Package: graphics 2017/06/25 v1.2c Standard LaTeX Graphics (DPC,SPQR)

("C:\Users\artyo\OneDrive\–†–∞–±–æ—á–∏–π —Å—Ç–æ–ª\PortableTEX\texmfs\install\te
x\latex\graphics\trig.sty"
Package: trig 2016/01/03 v1.10 sin cos tan (DPC)
)
("C:\Users\artyo\OneDrive\–†–∞–±–æ—á–∏–π —Å—Ç–æ–ª\PortableTEX\texmfs\install\te
x\latex\graphics-cfg\graphics.cfg"
File: graphics.cfg 2016/06/04 v1.11 sample graphics configuration
)
Package graphics Info: Driver file: pdftex.def on input line 99.

("C:\Users\artyo\OneDrive\–†–∞–±–æ—á–∏–π —Å—Ç–æ–ª\PortableTEX\texmfs\install\te
x\latex\graphics-def\pdftex.def"
File: pdftex.def 2018/01/08 v1.0l Graphics/color driver for pdftex
))
\Gin@req@height=\dimen128
\Gin@req@width=\dimen129
)
("C:\Users\artyo\OneDrive\–†–∞–±–æ—á–∏–π —Å—Ç–æ–ª\PortableTEX\texmfs\install\te
x\latex\cite\cite.sty"
LaTeX Info: Redefining \cite on input line 302.
LaTeX Info: Redefining \nocite on input line 332.
Package: cite 2015/02/27  v 5.5
)
("C:\Users\artyo\OneDrive\–†–∞–±–æ—á–∏–π —Å—Ç–æ–ª\PortableTEX\texmfs\install\te
x\latex\amsmath\amsmath.sty"
Package: amsmath 2017/09/02 v2.17a AMS math features
\@mathmargin=\skip50

For additional information on amsmath, use the `?' option.

("C:\Users\artyo\OneDrive\–†–∞–±–æ—á–∏–π —Å—Ç–æ–ª\PortableTEX\texmfs\install\te
x\latex\amsmath\amstext.sty"
Package: amstext 2000/06/29 v2.01 AMS text

("C:\Users\artyo\OneDrive\–†–∞–±–æ—á–∏–π —Å—Ç–æ–ª\PortableTEX\texmfs\install\te
x\latex\amsmath\amsgen.sty"
File: amsgen.sty 1999/11/30 v2.0 generic functions
\@emptytoks=\toks20
\ex@=\dimen130
))
("C:\Users\artyo\OneDrive\–†–∞–±–æ—á–∏–π —Å—Ç–æ–ª\PortableTEX\texmfs\install\te
x\latex\amsmath\amsbsy.sty"
Package: amsbsy 1999/11/29 v1.2d Bold Symbols
\pmbraise@=\dimen131
)
("C:\Users\artyo\OneDrive\–†–∞–±–æ—á–∏–π —Å—Ç–æ–ª\PortableTEX\texmfs\install\te
x\latex\amsmath\amsopn.sty"
Package: amsopn 2016/03/08 v2.02 operator names
)
\inf@bad=\count95
LaTeX Info: Redefining \frac on input line 213.
\uproot@=\count96
\leftroot@=\count97
LaTeX Info: Redefining \overline on input line 375.
\classnum@=\count98
\DOTSCASE@=\count99
LaTeX Info: Redefining \ldots on input line 472.
LaTeX Info: Redefining \dots on input line 475.
LaTeX Info: Redefining \cdots on input line 596.
\Mathstrutbox@=\box28
\strutbox@=\box29
\big@size=\dimen132
LaTeX Font Info:    Redeclaring font encoding OML on input line 712.
LaTeX Font Info:    Redeclaring font encoding OMS on input line 713.
\macc@depth=\count100
\c@MaxMatrixCols=\count101
\dotsspace@=\muskip10
\c@parentequation=\count102
\dspbrk@lvl=\count103
\tag@help=\toks21
\row@=\count104
\column@=\count105
\maxfields@=\count106
\andhelp@=\toks22
\eqnshift@=\dimen133
\alignsep@=\dimen134
\tagshift@=\dimen135
\tagwidth@=\dimen136
\totwidth@=\dimen137
\lineht@=\dimen138
\@envbody=\toks23
\multlinegap=\skip51
\multlinetaggap=\skip52
\mathdisplay@stack=\toks24
LaTeX Info: Redefining \[ on input line 2817.
LaTeX Info: Redefining \] on input line 2818.
)
("C:\Users\artyo\OneDrive\–†–∞–±–æ—á–∏–π —Å—Ç–æ–ª\PortableTEX\texmfs\install\te
x\latex\amsfonts\amssymb.sty"
Package: amssymb 2013/01/14 v3.01 AMS font symbols

("C:\Users\artyo\OneDrive\–†–∞–±–æ—á–∏–π —Å—Ç–æ–ª\PortableTEX\texmfs\install\te
x\latex\amsfonts\amsfonts.sty"
Package: amsfonts 2013/01/14 v3.01 Basic AMSFonts support
\symAMSa=\mathgroup4
\symAMSb=\mathgroup5
LaTeX Font Info:    Overwriting math alphabet `\mathfrak' in version `bold'
(Font)                  U/euf/m/n --> U/euf/b/n on input line 106.
))
("C:\Users\artyo\OneDrive\–†–∞–±–æ—á–∏–π —Å—Ç–æ–ª\PortableTEX\texmfs\install\te
x\latex\amscls\amsthm.sty"
Package: amsthm 2017/10/31 v2.20.4
\thm@style=\toks25
\thm@bodyfont=\toks26
\thm@headfont=\toks27
\thm@notefont=\toks28
\thm@headpunct=\toks29
\thm@preskip=\skip53
\thm@postskip=\skip54
\thm@headsep=\skip55
\dth@everypar=\toks30
)
("C:\Users\artyo\OneDrive\–†–∞–±–æ—á–∏–π —Å—Ç–æ–ª\PortableTEX\texmfs\install\te
x\latex\fancyvrb\fancyvrb.sty"
Package: fancyvrb 2008/02/07

Style option: `fancyvrb' v2.7a, with DG/SPQR fixes, and firstline=lastline fix 
<2008/02/07> (tvz)
\FV@CodeLineNo=\count107
\FV@InFile=\read1
\FV@TabBox=\box30
\c@FancyVerbLine=\count108
\FV@StepNumber=\count109
\FV@OutFile=\write3
)
("C:\Users\artyo\OneDrive\–†–∞–±–æ—á–∏–π —Å—Ç–æ–ª\PortableTEX\texmfs\install\te
x\latex\tools\longtable.sty"
Package: longtable 2014/10/28 v4.11 Multi-page Table package (DPC)
\LTleft=\skip56
\LTright=\skip57
\LTpre=\skip58
\LTpost=\skip59
\LTchunksize=\count110
\LTcapwidth=\dimen139
\LT@head=\box31
\LT@firsthead=\box32
\LT@foot=\box33
\LT@lastfoot=\box34
\LT@cols=\count111
\LT@rows=\count112
\c@LT@tables=\count113
\c@LT@chunks=\count114
\LT@p@ftn=\toks31
)
("C:\Users\artyo\OneDrive\–†–∞–±–æ—á–∏–π —Å—Ç–æ–ª\PortableTEX\texmfs\install\te
x\latex\tools\array.sty"
Package: array 2016/10/06 v2.4d Tabular extension package (FMi)
\col@sep=\dimen140
\extrarowheight=\dimen141
\NC@list=\toks32
\extratabsurround=\skip60
\backup@length=\skip61
)
("C:\Users\artyo\OneDrive\–†–∞–±–æ—á–∏–π —Å—Ç–æ–ª\PortableTEX\texmfs\install\te
x\latex\tools\verbatim.sty"
Package: verbatim 2014/10/28 v1.5q LaTeX2e package for verbatim enhancements
\every@verbatim=\toks33
\verbatim@line=\toks34
\verbatim@in@stream=\read2
)
("C:\Users\artyo\OneDrive\–†–∞–±–æ—á–∏–π —Å—Ç–æ–ª\PortableTEX\texmfs\install\te
x\generic\babel\babel.sty"
Package: babel 2018/01/04 3.16 The Babel package

("C:\Users\artyo\OneDrive\–†–∞–±–æ—á–∏–π —Å—Ç–æ–ª\PortableTEX\texmfs\install\te
x\generic\babel\switch.def"
File: switch.def 2018/01/04 3.16 Babel switching mechanism
)
*************************************
* Local config file bblopts.cfg used
*

("C:\Users\artyo\OneDrive\–†–∞–±–æ—á–∏–π —Å—Ç–æ–ª\PortableTEX\texmfs\install\te
x\latex\arabi\bblopts.cfg"
File: bblopts.cfg 2005/09/08 v0.1 add Arabic and Farsi to "declared" options of
 babel
)
("C:\Users\artyo\OneDrive\–†–∞–±–æ—á–∏–π —Å—Ç–æ–ª\PortableTEX\texmfs\install\te
x\latex\babel-english\english.ldf"
Language: english 2017/06/06 v3.3r English support from the babel system

("C:\Users\artyo\OneDrive\–†–∞–±–æ—á–∏–π —Å—Ç–æ–ª\PortableTEX\texmfs\install\te
x\generic\babel\babel.def"
File: babel.def 2018/01/04 3.16 Babel common definitions

("C:\Users\artyo\OneDrive\–†–∞–±–æ—á–∏–π —Å—Ç–æ–ª\PortableTEX\texmfs\install\te
x\generic\babel\switch.def"
File: switch.def 2018/01/04 3.16 Babel switching mechanism
)
\babel@savecnt=\count115
\U@D=\dimen142

("C:\Users\artyo\OneDrive\–†–∞–±–æ—á–∏–π —Å—Ç–æ–ª\PortableTEX\texmfs\install\te
x\generic\babel\txtbabel.def")
\bbl@dirlevel=\count116
)
\l@canadian = a dialect from \language\l@american 
\l@australian = a dialect from \language\l@british 
\l@newzealand = a dialect from \language\l@british 
)
("C:\Users\artyo\OneDrive\–†–∞–±–æ—á–∏–π —Å—Ç–æ–ª\PortableTEX\texmfs\install\te
x\latex\babel-russian\russianb.ldf"
Language: russian 2017/08/12 1.3j Russian support for the Babel system
Package babel Info: Making " an active character on input line 120.
Package babel Info: Default for \cyrdash is provided on input line 157.
))
("C:\Users\artyo\OneDrive\–†–∞–±–æ—á–∏–π —Å—Ç–æ–ª\PortableTEX\texmfs\install\te
x\latex\hyperref\hyperref.sty"
Package: hyperref 2017/03/14 v6.85a Hypertext links for LaTeX

("C:\Users\artyo\OneDrive\–†–∞–±–æ—á–∏–π —Å—Ç–æ–ª\PortableTEX\texmfs\install\te
x\generic\oberdiek\hobsub-hyperref.sty"
Package: hobsub-hyperref 2016/05/16 v1.14 Bundle oberdiek, subset hyperref (HO)


("C:\Users\artyo\OneDrive\–†–∞–±–æ—á–∏–π —Å—Ç–æ–ª\PortableTEX\texmfs\install\te
x\generic\oberdiek\hobsub-generic.sty"
Package: hobsub-generic 2016/05/16 v1.14 Bundle oberdiek, subset generic (HO)
Package: hobsub 2016/05/16 v1.14 Construct package bundles (HO)
Package: infwarerr 2016/05/16 v1.4 Providing info/warning/error messages (HO)
Package: ltxcmds 2016/05/16 v1.23 LaTeX kernel commands for general use (HO)
Package: ifluatex 2016/05/16 v1.4 Provides the ifluatex switch (HO)
Package ifluatex Info: LuaTeX not detected.
Package hobsub Info: Skipping package `ifvtex' (already loaded).
Package: intcalc 2016/05/16 v1.2 Expandable calculations with integers (HO)
Package hobsub Info: Skipping package `ifpdf' (already loaded).
Package: etexcmds 2016/05/16 v1.6 Avoid name clashes with e-TeX commands (HO)
Package etexcmds Info: Could not find \expanded.
(etexcmds)             That can mean that you are not using pdfTeX 1.50 or
(etexcmds)             that some package has redefined \expanded.
(etexcmds)             In the latter case, load this package earlier.
Package: kvsetkeys 2016/05/16 v1.17 Key value parser (HO)
Package: kvdefinekeys 2016/05/16 v1.4 Define keys (HO)
Package: pdftexcmds 2017/03/19 v0.25 Utility functions of pdfTeX for LuaTeX (HO
)
Package pdftexcmds Info: LuaTeX not detected.
Package pdftexcmds Info: \pdf@primitive is available.
Package pdftexcmds Info: \pdf@ifprimitive is available.
Package pdftexcmds Info: \pdfdraftmode found.
Package: pdfescape 2016/05/16 v1.14 Implements pdfTeX's escape features (HO)
Package: bigintcalc 2016/05/16 v1.4 Expandable calculations on big integers (HO
)
Package: bitset 2016/05/16 v1.2 Handle bit-vector datatype (HO)
Package: uniquecounter 2016/05/16 v1.3 Provide unlimited unique counter (HO)
)
Package hobsub Info: Skipping package `hobsub' (already loaded).
Package: letltxmacro 2016/05/16 v1.5 Let assignment for LaTeX macros (HO)
Package: hopatch 2016/05/16 v1.3 Wrapper for package hooks (HO)
Package: xcolor-patch 2016/05/16 xcolor patch
Package: atveryend 2016/05/16 v1.9 Hooks at the very end of document (HO)
Package atveryend Info: \enddocument detected (standard20110627).
Package: atbegshi 2016/06/09 v1.18 At begin shipout hook (HO)
Package: refcount 2016/05/16 v3.5 Data extraction from label references (HO)
Package: hycolor 2016/05/16 v1.8 Color options for hyperref/bookmark (HO)
)
("C:\Users\artyo\OneDrive\–†–∞–±–æ—á–∏–π —Å—Ç–æ–ª\PortableTEX\texmfs\install\te
x\latex\oberdiek\auxhook.sty"
Package: auxhook 2016/05/16 v1.4 Hooks for auxiliary files (HO)
)
("C:\Users\artyo\OneDrive\–†–∞–±–æ—á–∏–π —Å—Ç–æ–ª\PortableTEX\texmfs\install\te
x\latex\oberdiek\kvoptions.sty"
Package: kvoptions 2016/05/16 v3.12 Key value format for package options (HO)
)
\@linkdim=\dimen143
\Hy@linkcounter=\count117
\Hy@pagecounter=\count118

("C:\Users\artyo\OneDrive\–†–∞–±–æ—á–∏–π —Å—Ç–æ–ª\PortableTEX\texmfs\install\te
x\latex\hyperref\pd1enc.def"
File: pd1enc.def 2017/03/14 v6.85a Hyperref: PDFDocEncoding definition (HO)
)
\Hy@SavedSpaceFactor=\count119
Package hyperref Info: Option `unicode' set `true' on input line 3453.

("C:\Users\artyo\OneDrive\–†–∞–±–æ—á–∏–π —Å—Ç–æ–ª\PortableTEX\texmfs\install\te
x\latex\hyperref\puenc.def"
File: puenc.def 2017/03/14 v6.85a Hyperref: PDF Unicode definition (HO)
)
("C:\Users\artyo\OneDrive\–†–∞–±–æ—á–∏–π —Å—Ç–æ–ª\PortableTEX\texmfs\install\te
x\latex\00miktex\hyperref.cfg"
File: hyperref.cfg 2002/06/06 v1.2 hyperref configuration of TeXLive
)
Package hyperref Info: Option `colorlinks' set `true' on input line 4374.
Package hyperref Info: Hyper figures OFF on input line 4498.
Package hyperref Info: Link nesting OFF on input line 4503.
Package hyperref Info: Hyper index ON on input line 4506.
Package hyperref Info: Plain pages OFF on input line 4513.
Package hyperref Info: Backreferencing OFF on input line 4518.
Package hyperref Info: Implicit mode ON; LaTeX internals redefined.
Package hyperref Info: Bookmarks ON on input line 4751.
\c@Hy@tempcnt=\count120

("C:\Users\artyo\OneDrive\–†–∞–±–æ—á–∏–π —Å—Ç–æ–ª\PortableTEX\texmfs\install\te
x\latex\url\url.sty"
\Urlmuskip=\muskip11
Package: url 2013/09/16  ver 3.4  Verb mode for urls, etc.
)
LaTeX Info: Redefining \url on input line 5104.
\XeTeXLinkMargin=\dimen144
\Fld@menulength=\count121
\Field@Width=\dimen145
\Fld@charsize=\dimen146
Package hyperref Info: Hyper figures OFF on input line 6358.
Package hyperref Info: Link nesting OFF on input line 6363.
Package hyperref Info: Hyper index ON on input line 6366.
Package hyperref Info: backreferencing OFF on input line 6373.
Package hyperref Info: Link coloring ON on input line 6376.
Package hyperref Info: Link coloring with OCG OFF on input line 6383.
Package hyperref Info: PDF/A mode OFF on input line 6388.
LaTeX Info: Redefining \ref on input line 6428.
LaTeX Info: Redefining \pageref on input line 6432.
\Hy@abspage=\count122
\c@Item=\count123
\c@Hfootnote=\count124
)

Package hyperref Message: Driver (autodetected): hpdftex.


("C:\Users\artyo\OneDrive\–†–∞–±–æ—á–∏–π —Å—Ç–æ–ª\PortableTEX\texmfs\install\te
x\latex\hyperref\hpdftex.def"
File: hpdftex.def 2017/03/14 v6.85a Hyperref driver for pdfTeX
\Fld@listcount=\count125
\c@bookmark@seq@number=\count126

("C:\Users\artyo\OneDrive\–†–∞–±–æ—á–∏–π —Å—Ç–æ–ª\PortableTEX\texmfs\install\te
x\latex\oberdiek\rerunfilecheck.sty"
Package: rerunfilecheck 2016/05/16 v1.8 Rerun checks for auxiliary files (HO)
Package uniquecounter Info: New unique counter `rerunfilecheck' on input line 2
82.
)
\Hy@SectionHShift=\skip62
)
\c@lem=\count127
 (pract-Burdavitsyn.aux

LaTeX Warning: Label `fig:task1' multiply defined.


LaTeX Warning: Label `fig:numpy' multiply defined.

)
\openout1 = `pract-Burdavitsyn.aux'.

LaTeX Font Info:    Checking defaults for OML/cmm/m/it on input line 44.
LaTeX Font Info:    ... okay on input line 44.
LaTeX Font Info:    Checking defaults for T1/cmr/m/n on input line 44.
LaTeX Font Info:    ... okay on input line 44.
LaTeX Font Info:    Checking defaults for OT1/cmr/m/n on input line 44.
LaTeX Font Info:    ... okay on input line 44.
LaTeX Font Info:    Checking defaults for OMS/cmsy/m/n on input line 44.
LaTeX Font Info:    ... okay on input line 44.
LaTeX Font Info:    Checking defaults for OMX/cmex/m/n on input line 44.
LaTeX Font Info:    ... okay on input line 44.
LaTeX Font Info:    Checking defaults for U/cmr/m/n on input line 44.
LaTeX Font Info:    ... okay on input line 44.
LaTeX Font Info:    Checking defaults for T2A/cmr/m/n on input line 44.
LaTeX Font Info:    ... okay on input line 44.
LaTeX Font Info:    Checking defaults for PD1/pdf/m/n on input line 44.
LaTeX Font Info:    ... okay on input line 44.
LaTeX Font Info:    Checking defaults for PU/pdf/m/n on input line 44.
LaTeX Font Info:    ... okay on input line 44.
LaTeX Font Info:    Try loading font information for T2A+ftm on input line 44.

("C:\Users\artyo\OneDrive\–†–∞–±–æ—á–∏–π —Å—Ç–æ–ª\PortableTEX\texmfs\localtexmf
\tex\latex\pscyr\t2aftm.fd"
File: t2aftm.fd 2001/03/03 v0.4c PS font definitions for T2A/TimesNewRomanPSMT/
PSCyr
)
*geometry* driver: auto-detecting
*geometry* detected driver: pdftex
*geometry* verbose mode - [ preamble ] result:
* driver: pdftex
* paper: a4paper
* layout: <same size as paper>
* layoutoffset:(h,v)=(0.0pt,0.0pt)
* modes: 
* h-part:(L,W,R)=(71.13188pt, 483.69687pt, 42.67912pt)
* v-part:(T,H,B)=(56.9055pt, 731.23584pt, 56.9055pt)
* \paperwidth=597.50787pt
* \paperheight=845.04684pt
* \textwidth=483.69687pt
* \textheight=731.23584pt
* \oddsidemargin=-1.1381pt
* \evensidemargin=-1.1381pt
* \topmargin=-15.36449pt
* \headheight=0.0pt
* \headsep=0.0pt
* \topskip=14.0pt
* \footskip=28.45274pt
* \marginparwidth=24.0pt
* \marginparsep=10.0pt
* \columnsep=10.0pt
* \skip\footins=12.0pt plus 4.0pt minus 2.0pt
* \hoffset=0.0pt
* \voffset=0.0pt
* \mag=1000
* \@twocolumnfalse
* \@twosidefalse
* \@mparswitchfalse
* \@reversemarginfalse
* (1in=72.27pt=25.4mm, 1cm=28.453pt)

Package caption Info: Begin \AtBeginDocument code.
Package caption Info: hyperref package is loaded.
Package caption Info: longtable package is loaded.

("C:\Users\artyo\OneDrive\–†–∞–±–æ—á–∏–π —Å—Ç–æ–ª\PortableTEX\texmfs\install\te
x\latex\caption\ltcaption.sty"
Package: ltcaption 2013/06/09 v1.4-94 longtable captions (AR)
)
Package caption Info: End \AtBeginDocument code.

("C:\Users\artyo\OneDrive\–†–∞–±–æ—á–∏–π —Å—Ç–æ–ª\PortableTEX\texmfs\install\te
x\context\base\supp-pdf.mkii"
[Loading MPS to PDF converter (version 2006.09.02).]
\scratchcounter=\count128
\scratchdimen=\dimen147
\scratchbox=\box35
\nofMPsegments=\count129
\nofMParguments=\count130
\everyMPshowfont=\toks35
\MPscratchCnt=\count131
\MPscratchDim=\dimen148
\MPnumerator=\count132
\makeMPintoPDFobject=\count133
\everyMPtoPDFconversion=\toks36
)
("C:\Users\artyo\OneDrive\–†–∞–±–æ—á–∏–π —Å—Ç–æ–ª\PortableTEX\texmfs\install\te
x\latex\oberdiek\epstopdf-base.sty"
Package: epstopdf-base 2016/05/15 v2.6 Base part for package epstopdf

("C:\Users\artyo\OneDrive\–†–∞–±–æ—á–∏–π —Å—Ç–æ–ª\PortableTEX\texmfs\install\te
x\latex\oberdiek\grfext.sty"
Package: grfext 2016/05/16 v1.2 Manage graphics extensions (HO)
)
Package epstopdf-base Info: Redefining graphics rule for `.eps' on input line 4
38.
Package grfext Info: Graphics extension search list:
(grfext)             [.pdf,.png,.jpg,.mps,.jpeg,.jbig2,.jb2,.PDF,.PNG,.JPG,.JPE
G,.JBIG2,.JB2,.eps]
(grfext)             \AppendGraphicsExtensions on input line 456.
)
\AtBeginShipoutBox=\box36

("C:\Users\artyo\OneDrive\–†–∞–±–æ—á–∏–π —Å—Ç–æ–ª\PortableTEX\texmfs\install\te
x\latex\graphics\color.sty"
Package: color 2016/07/10 v1.1e Standard LaTeX Color (DPC)

("C:\Users\artyo\OneDrive\–†–∞–±–æ—á–∏–π —Å—Ç–æ–ª\PortableTEX\texmfs\install\te
x\latex\graphics-cfg\color.cfg"
File: color.cfg 2016/01/02 v1.6 sample color configuration
)
Package color Info: Driver file: pdftex.def on input line 147.
)
Package hyperref Info: Link coloring ON on input line 44.

("C:\Users\artyo\OneDrive\–†–∞–±–æ—á–∏–π —Å—Ç–æ–ª\PortableTEX\texmfs\install\te
x\latex\hyperref\nameref.sty"
Package: nameref 2016/05/21 v2.44 Cross-referencing by name of section

("C:\Users\artyo\OneDrive\–†–∞–±–æ—á–∏–π —Å—Ç–æ–ª\PortableTEX\texmfs\install\te
x\generic\oberdiek\gettitlestring.sty"
Package: gettitlestring 2016/05/16 v1.5 Cleanup title references (HO)
)
\c@section@level=\count134
)
LaTeX Info: Redefining \ref on input line 44.
LaTeX Info: Redefining \pageref on input line 44.
LaTeX Info: Redefining \nameref on input line 44.
 (pract-Burdavitsyn.out)
(pract-Burdavitsyn.out)
\@outlinefile=\write4
\openout4 = `pract-Burdavitsyn.out'.

LaTeX Font Info:    Try loading font information for U+msa on input line 101.

("C:\Users\artyo\OneDrive\–†–∞–±–æ—á–∏–π —Å—Ç–æ–ª\PortableTEX\texmfs\install\te
x\latex\amsfonts\umsa.fd"
File: umsa.fd 2013/01/14 v3.01 AMS symbols A
)
LaTeX Font Info:    Try loading font information for U+msb on input line 101.

("C:\Users\artyo\OneDrive\–†–∞–±–æ—á–∏–π —Å—Ç–æ–ª\PortableTEX\texmfs\install\te
x\latex\amsfonts\umsb.fd"
File: umsb.fd 2013/01/14 v3.01 AMS symbols B
)
Underfull \hbox (badness 10000) in paragraph at lines 101--101

 []

Package babel Info: Redefining russian shorthand "|
(babel)             in language  on input line 101.
Package babel Info: Redefining russian shorthand "~
(babel)             in language  on input line 101.
Package babel Info: Redefining russian shorthand "|
(babel)             in language  on input line 101.
Package babel Info: Redefining russian shorthand "~
(babel)             in language  on input line 101.
[1

{C:/Users/artyo/OneDrive/–†–∞–±–æ—á–∏–π —Å—Ç–æ–ª/PortableTEX/texmfs/data/pdftex
/config/pdftex.map}]
Package babel Info: Redefining russian shorthand "|
(babel)             in language  on input line 101.
Package babel Info: Redefining russian shorthand "~
(babel)             in language  on input line 101.
Package babel Info: Redefining russian shorthand "|
(babel)             in language  on input line 101.
Package babel Info: Redefining russian shorthand "~
(babel)             in language  on input line 101.
 [2] (pract-Burdavitsyn.toc
LaTeX Font Info:    Try loading font information for OT1+ftm on input line 1.

("C:\Users\artyo\OneDrive\–†–∞–±–æ—á–∏–π —Å—Ç–æ–ª\PortableTEX\texmfs\localtexmf
\tex\latex\pscyr\ot1ftm.fd"
File: ot1ftm.fd 2001/03/03 Fontinst v1.801 font definitions for OT1/ftm.
))
\tf@toc=\write5
\openout5 = `pract-Burdavitsyn.toc'.

Package babel Info: Redefining russian shorthand "|
(babel)             in language  on input line 114.
Package babel Info: Redefining russian shorthand "~
(babel)             in language  on input line 114.
Package babel Info: Redefining russian shorthand "|
(babel)             in language  on input line 114.
Package babel Info: Redefining russian shorthand "~
(babel)             in language  on input line 114.
 [3

]
Package babel Info: Redefining russian shorthand "|
(babel)             in language  on input line 114.
Package babel Info: Redefining russian shorthand "~
(babel)             in language  on input line 114.
Package babel Info: Redefining russian shorthand "|
(babel)             in language  on input line 129.
Package babel Info: Redefining russian shorthand "~
(babel)             in language  on input line 129.
Package babel Info: Redefining russian shorthand "|
(babel)             in language  on input line 129.
Package babel Info: Redefining russian shorthand "~
(babel)             in language  on input line 129.
 [4

]
Package babel Info: Redefining russian shorthand "|
(babel)             in language  on input line 129.
Package babel Info: Redefining russian shorthand "~
(babel)             in language  on input line 129.

Overfull \hbox (85.8858pt too wide) in paragraph at lines 136--137
\T2A/ftm/m/n/14.4 ÌÓÂ, Ó·˙-ÂÍÚ-ÌÓ-ÓË-ÂÌ-ÚË-Ó-‚‡Ì-ÌÓÂ, ÙÛÌÍ-ˆË-Ó-Ì‡Î¸-ÌÓÂ, ËÏ-
ÔÂ-‡-ÚË‚-ÌÓÂ, ‡ÒÔÂÍÚÌÓ-ÓËÂÌÚËÓ‚‡ÌÌÓÂ.
 []

Package babel Info: Redefining russian shorthand "|
(babel)             in language  on input line 147.
Package babel Info: Redefining russian shorthand "~
(babel)             in language  on input line 147.
Package babel Info: Redefining russian shorthand "|
(babel)             in language  on input line 147.
Package babel Info: Redefining russian shorthand "~
(babel)             in language  on input line 147.
[5

]
Package babel Info: Redefining russian shorthand "|
(babel)             in language  on input line 147.
Package babel Info: Redefining russian shorthand "~
(babel)             in language  on input line 147.
Package babel Info: Redefining russian shorthand "|
(babel)             in language  on input line 149.
Package babel Info: Redefining russian shorthand "~
(babel)             in language  on input line 149.
Package babel Info: Redefining russian shorthand "|
(babel)             in language  on input line 160.
Package babel Info: Redefining russian shorthand "~
(babel)             in language  on input line 160.
<2-1-24.png, id=176, 187.29974pt x 175.857pt>
File: 2-1-24.png Graphic file (type png)
<use 2-1-24.png>
Package pdftex.def Info: 2-1-24.png  used on input line 170.
(pdftex.def)             Requested size: 187.29927pt x 175.85657pt.
Package babel Info: Redefining russian shorthand "|
(babel)             in language  on input line 176.
Package babel Info: Redefining russian shorthand "~
(babel)             in language  on input line 176.
Package babel Info: Redefining russian shorthand "|
(babel)             in language  on input line 176.
Package babel Info: Redefining russian shorthand "~
(babel)             in language  on input line 176.
 [6

 <./2-1-24.png>]
LaTeX Font Info:    Try loading font information for T2A+cmtt on input line 179
.

("C:\Users\artyo\OneDrive\–†–∞–±–æ—á–∏–π —Å—Ç–æ–ª\PortableTEX\texmfs\install\te
x\latex\cyrillic\t2acmtt.fd"
File: t2acmtt.fd 2001/08/11 v1.0a Computer Modern Cyrillic font definitions
)
Package babel Info: Redefining russian shorthand "|
(babel)             in language  on input line 192.
Package babel Info: Redefining russian shorthand "~
(babel)             in language  on input line 192.
Package babel Info: Redefining russian shorthand "|
(babel)             in language  on input line 196.
Package babel Info: Redefining russian shorthand "~
(babel)             in language  on input line 196.
Package babel Info: Redefining russian shorthand "|
(babel)             in language  on input line 200.
Package babel Info: Redefining russian shorthand "~
(babel)             in language  on input line 200.
Package babel Info: Redefining russian shorthand "|
(babel)             in language  on input line 207.
Package babel Info: Redefining russian shorthand "~
(babel)             in language  on input line 207.
Package babel Info: Redefining russian shorthand "|
(babel)             in language  on input line 207.
Package babel Info: Redefining russian shorthand "~
(babel)             in language  on input line 207.
 [7]
Package babel Info: Redefining russian shorthand "|
(babel)             in language  on input line 225.
Package babel Info: Redefining russian shorthand "~
(babel)             in language  on input line 225.
Package babel Info: Redefining russian shorthand "|
(babel)             in language  on input line 241.
Package babel Info: Redefining russian shorthand "~
(babel)             in language  on input line 241.
Package babel Info: Redefining russian shorthand "|
(babel)             in language  on input line 241.
Package babel Info: Redefining russian shorthand "~
(babel)             in language  on input line 241.
 [8]
Package babel Info: Redefining russian shorthand "|
(babel)             in language  on input line 260.
Package babel Info: Redefining russian shorthand "~
(babel)             in language  on input line 260.
Package babel Info: Redefining russian shorthand "|
(babel)             in language  on input line 260.
Package babel Info: Redefining russian shorthand "~
(babel)             in language  on input line 260.
 [9]
Package babel Info: Redefining russian shorthand "|
(babel)             in language  on input line 260.
Package babel Info: Redefining russian shorthand "~
(babel)             in language  on input line 260.
Package babel Info: Redefining russian shorthand "|
(babel)             in language  on input line 262.
Package babel Info: Redefining russian shorthand "~
(babel)             in language  on input line 262.

Overfull \hbox (5.20477pt too wide) in paragraph at lines 301--301
[]|[][]\T2A/cmtt/m/n/12 x - ÌÓÏÂ ˝ÎÂÏÂÌÚ‡, Ò ÍÓÚÓÓ„Ó| 
 []


Overfull \hbox (5.20477pt too wide) in paragraph at lines 303--303
[]|[][]\T2A/cmtt/m/n/12 y - ÌÓÏÂ ÔÂ‚Ó„Ó ˝ÎÂÏÂÌÚ‡, ÌÂ| 
 []

Package babel Info: Redefining russian shorthand "|
(babel)             in language  on input line 347.
Package babel Info: Redefining russian shorthand "~
(babel)             in language  on input line 347.
Package babel Info: Redefining russian shorthand "|
(babel)             in language  on input line 347.
Package babel Info: Redefining russian shorthand "~
(babel)             in language  on input line 347.
[10

]
Package babel Info: Redefining russian shorthand "|
(babel)             in language  on input line 359.
Package babel Info: Redefining russian shorthand "~
(babel)             in language  on input line 359.
Package babel Info: Redefining russian shorthand "|
(babel)             in language  on input line 359.
Package babel Info: Redefining russian shorthand "~
(babel)             in language  on input line 359.
 [11]
Package babel Info: Redefining russian shorthand "|
(babel)             in language  on input line 367.
Package babel Info: Redefining russian shorthand "~
(babel)             in language  on input line 367.
Package babel Info: Redefining russian shorthand "|
(babel)             in language  on input line 389.
Package babel Info: Redefining russian shorthand "~
(babel)             in language  on input line 389.
Package babel Info: Redefining russian shorthand "|
(babel)             in language  on input line 389.
Package babel Info: Redefining russian shorthand "~
(babel)             in language  on input line 389.
 [12]
Package babel Info: Redefining russian shorthand "|
(babel)             in language  on input line 389.
Package babel Info: Redefining russian shorthand "~
(babel)             in language  on input line 389.
Package babel Info: Redefining russian shorthand "|
(babel)             in language  on input line 418.
Package babel Info: Redefining russian shorthand "~
(babel)             in language  on input line 418.
Package babel Info: Redefining russian shorthand "|
(babel)             in language  on input line 418.
Package babel Info: Redefining russian shorthand "~
(babel)             in language  on input line 418.
 [13

]
Package babel Info: Redefining russian shorthand "|
(babel)             in language  on input line 453.
Package babel Info: Redefining russian shorthand "~
(babel)             in language  on input line 453.
Package babel Info: Redefining russian shorthand "|
(babel)             in language  on input line 453.
Package babel Info: Redefining russian shorthand "~
(babel)             in language  on input line 453.
 [14]
Package babel Info: Redefining russian shorthand "|
(babel)             in language  on input line 495.
Package babel Info: Redefining russian shorthand "~
(babel)             in language  on input line 495.
Package babel Info: Redefining russian shorthand "|
(babel)             in language  on input line 495.
Package babel Info: Redefining russian shorthand "~
(babel)             in language  on input line 495.
 [15]
Package babel Info: Redefining russian shorthand "|
(babel)             in language  on input line 504.
Package babel Info: Redefining russian shorthand "~
(babel)             in language  on input line 504.
Package babel Info: Redefining russian shorthand "|
(babel)             in language  on input line 504.
Package babel Info: Redefining russian shorthand "~
(babel)             in language  on input line 504.
 [16]
Package babel Info: Redefining russian shorthand "|
(babel)             in language  on input line 504.
Package babel Info: Redefining russian shorthand "~
(babel)             in language  on input line 504.
Package babel Info: Redefining russian shorthand "|
(babel)             in language  on input line 544.
Package babel Info: Redefining russian shorthand "~
(babel)             in language  on input line 544.
Package babel Info: Redefining russian shorthand "|
(babel)             in language  on input line 544.
Package babel Info: Redefining russian shorthand "~
(babel)             in language  on input line 544.
 [17

]
Package babel Info: Redefining russian shorthand "|
(babel)             in language  on input line 552.
Package babel Info: Redefining russian shorthand "~
(babel)             in language  on input line 552.
Package babel Info: Redefining russian shorthand "|
(babel)             in language  on input line 552.
Package babel Info: Redefining russian shorthand "~
(babel)             in language  on input line 552.
 [18]
Package babel Info: Redefining russian shorthand "|
(babel)             in language  on input line 552.
Package babel Info: Redefining russian shorthand "~
(babel)             in language  on input line 552.

Overfull \hbox (5.24019pt too wide) in paragraph at lines 560--561
\T2A/ftm/m/n/14.4 Òˇ „Î‡‚-Ì˚Ï Ó·˙-ÂÍ-ÚÓÏ ‡-·Ó-Ú˚ Ò „‡-ÙË-ÍÓÈ matplotlib ‚ Ó·˙
ÂÍÚÌÓ-ÓËÂÌÚËÓ‚‡ÌÌÓÏ
 []

Package babel Info: Redefining russian shorthand "|
(babel)             in language  on input line 570.
Package babel Info: Redefining russian shorthand "~
(babel)             in language  on input line 570.
Package babel Info: Redefining russian shorthand "|
(babel)             in language  on input line 570.
Package babel Info: Redefining russian shorthand "~
(babel)             in language  on input line 570.
[19

]
Package babel Info: Redefining russian shorthand "|
(babel)             in language  on input line 596.
Package babel Info: Redefining russian shorthand "~
(babel)             in language  on input line 596.
Package babel Info: Redefining russian shorthand "|
(babel)             in language  on input line 596.
Package babel Info: Redefining russian shorthand "~
(babel)             in language  on input line 596.
 [20]
Package babel Info: Redefining russian shorthand "|
(babel)             in language  on input line 596.
Package babel Info: Redefining russian shorthand "~
(babel)             in language  on input line 596.
Package babel Info: Redefining russian shorthand "|
(babel)             in language  on input line 629.
Package babel Info: Redefining russian shorthand "~
(babel)             in language  on input line 629.
Package babel Info: Redefining russian shorthand "|
(babel)             in language  on input line 629.
Package babel Info: Redefining russian shorthand "~
(babel)             in language  on input line 629.
 [21

]
Package babel Info: Redefining russian shorthand "|
(babel)             in language  on input line 629.
Package babel Info: Redefining russian shorthand "~
(babel)             in language  on input line 629.
Package babel Info: Redefining russian shorthand "|
(babel)             in language  on input line 679.
Package babel Info: Redefining russian shorthand "~
(babel)             in language  on input line 679.
Package babel Info: Redefining russian shorthand "|
(babel)             in language  on input line 679.
Package babel Info: Redefining russian shorthand "~
(babel)             in language  on input line 679.
 [22

]
<pic1.png, id=262, 450.483pt x 334.851pt>
File: pic1.png Graphic file (type png)
<use pic1.png>
Package pdftex.def Info: pic1.png  used on input line 708.
(pdftex.def)             Requested size: 450.48189pt x 334.85017pt.
<pic2.png, id=263, 941.919pt x 322.20375pt>
File: pic2.png Graphic file (type png)
<use pic2.png>
Package pdftex.def Info: pic2.png  used on input line 729.
(pdftex.def)             Requested size: 470.95834pt x 161.10147pt.
Package babel Info: Redefining russian shorthand "|
(babel)             in language  on input line 740.
Package babel Info: Redefining russian shorthand "~
(babel)             in language  on input line 740.
Package babel Info: Redefining russian shorthand "|
(babel)             in language  on input line 740.
Package babel Info: Redefining russian shorthand "~
(babel)             in language  on input line 740.
 [23]
<pic3.png, id=268, 437.2335pt x 324.0105pt>
File: pic3.png Graphic file (type png)
<use pic3.png>
Package pdftex.def Info: pic3.png  used on input line 745.
(pdftex.def)             Requested size: 437.23242pt x 324.0097pt.
Package babel Info: Redefining russian shorthand "|
(babel)             in language  on input line 754.
Package babel Info: Redefining russian shorthand "~
(babel)             in language  on input line 754.
Package babel Info: Redefining russian shorthand "|
(babel)             in language  on input line 754.
Package babel Info: Redefining russian shorthand "~
(babel)             in language  on input line 754.
 [24 <./pic1.png> <./pic2.png>]
<pic4.png, id=277, 1052.13075pt x 318.59026pt>
File: pic4.png Graphic file (type png)
<use pic4.png>
Package pdftex.def Info: pic4.png  used on input line 761.
(pdftex.def)             Requested size: 420.84485pt x 127.43384pt.
Package babel Info: Redefining russian shorthand "|
(babel)             in language  on input line 767.
Package babel Info: Redefining russian shorthand "~
(babel)             in language  on input line 767.
Package babel Info: Redefining russian shorthand "|
(babel)             in language  on input line 767.
Package babel Info: Redefining russian shorthand "~
(babel)             in language  on input line 767.
 [25 <./pic3.png> <./pic4.png>]
Package babel Info: Redefining russian shorthand "|
(babel)             in language  on input line 779.
Package babel Info: Redefining russian shorthand "~
(babel)             in language  on input line 779.
Package babel Info: Redefining russian shorthand "|
(babel)             in language  on input line 779.
Package babel Info: Redefining russian shorthand "~
(babel)             in language  on input line 779.
 [26]
Package babel Info: Redefining russian shorthand "|
(babel)             in language  on input line 779.
Package babel Info: Redefining russian shorthand "~
(babel)             in language  on input line 779.
 (pract-Burdavitsyn.bbl)
Package babel Info: Redefining russian shorthand "|
(babel)             in language  on input line 792.
Package babel Info: Redefining russian shorthand "~
(babel)             in language  on input line 792.
Package babel Info: Redefining russian shorthand "|
(babel)             in language  on input line 792.
Package babel Info: Redefining russian shorthand "~
(babel)             in language  on input line 792.
 [27

]
Package babel Info: Redefining russian shorthand "|
(babel)             in language  on input line 792.
Package babel Info: Redefining russian shorthand "~
(babel)             in language  on input line 792.
File: 2-1-24.png Graphic file (type png)
<use 2-1-24.png>
Package pdftex.def Info: 2-1-24.png  used on input line 798.
(pdftex.def)             Requested size: 187.29927pt x 175.85657pt.
Package babel Info: Redefining russian shorthand "|
(babel)             in language  on input line 837.
Package babel Info: Redefining russian shorthand "~
(babel)             in language  on input line 837.
Package babel Info: Redefining russian shorthand "|
(babel)             in language  on input line 837.
Package babel Info: Redefining russian shorthand "~
(babel)             in language  on input line 837.
 [28

]
Package babel Info: Redefining russian shorthand "|
(babel)             in language  on input line 837.
Package babel Info: Redefining russian shorthand "~
(babel)             in language  on input line 837.
Package babel Info: Redefining russian shorthand "|
(babel)             in language  on input line 837.
Package babel Info: Redefining russian shorthand "~
(babel)             in language  on input line 837.
 [29]
Package babel Info: Redefining russian shorthand "|
(babel)             in language  on input line 837.
Package babel Info: Redefining russian shorthand "~
(babel)             in language  on input line 837.
Package babel Info: Redefining russian shorthand "|
(babel)             in language  on input line 875.
Package babel Info: Redefining russian shorthand "~
(babel)             in language  on input line 875.
Package babel Info: Redefining russian shorthand "|
(babel)             in language  on input line 875.
Package babel Info: Redefining russian shorthand "~
(babel)             in language  on input line 875.
 [30

]
Package babel Info: Redefining russian shorthand "|
(babel)             in language  on input line 875.
Package babel Info: Redefining russian shorthand "~
(babel)             in language  on input line 875.
Package babel Info: Redefining russian shorthand "|
(babel)             in language  on input line 914.
Package babel Info: Redefining russian shorthand "~
(babel)             in language  on input line 914.
Package babel Info: Redefining russian shorthand "|
(babel)             in language  on input line 914.
Package babel Info: Redefining russian shorthand "~
(babel)             in language  on input line 914.
 [31

]
Package babel Info: Redefining russian shorthand "|
(babel)             in language  on input line 914.
Package babel Info: Redefining russian shorthand "~
(babel)             in language  on input line 914.
Package babel Info: Redefining russian shorthand "|
(babel)             in language  on input line 955.
Package babel Info: Redefining russian shorthand "~
(babel)             in language  on input line 955.
Package babel Info: Redefining russian shorthand "|
(babel)             in language  on input line 955.
Package babel Info: Redefining russian shorthand "~
(babel)             in language  on input line 955.
 [32

]
Package babel Info: Redefining russian shorthand "|
(babel)             in language  on input line 955.
Package babel Info: Redefining russian shorthand "~
(babel)             in language  on input line 955.
Package babel Info: Redefining russian shorthand "|
(babel)             in language  on input line 983.
Package babel Info: Redefining russian shorthand "~
(babel)             in language  on input line 983.
Package babel Info: Redefining russian shorthand "|
(babel)             in language  on input line 983.
Package babel Info: Redefining russian shorthand "~
(babel)             in language  on input line 983.
 [33

]
Package babel Info: Redefining russian shorthand "|
(babel)             in language  on input line 983.
Package babel Info: Redefining russian shorthand "~
(babel)             in language  on input line 983.
Package babel Info: Redefining russian shorthand "|
(babel)             in language  on input line 1022.
Package babel Info: Redefining russian shorthand "~
(babel)             in language  on input line 1022.
Package babel Info: Redefining russian shorthand "|
(babel)             in language  on input line 1022.
Package babel Info: Redefining russian shorthand "~
(babel)             in language  on input line 1022.

[34

]
Package babel Info: Redefining russian shorthand "|
(babel)             in language  on input line 1063.
Package babel Info: Redefining russian shorthand "~
(babel)             in language  on input line 1063.
Package babel Info: Redefining russian shorthand "|
(babel)             in language  on input line 1063.
Package babel Info: Redefining russian shorthand "~
(babel)             in language  on input line 1063.
 [35]
Overfull \hbox (11.37827pt too wide) in paragraph at lines 1085--1085
[]|[][]\T2A/cmtt/m/n/12 [45082, 'vxcoen', 'JxG1FinVeX']| 
 []


Overfull \hbox (11.37827pt too wide) in paragraph at lines 1086--1086
[]|[][]\T2A/cmtt/m/n/12 [43492, 'fjekes', '9DpjqMkEcd']| 
 []


Overfull \hbox (11.37827pt too wide) in paragraph at lines 1087--1087
[]|[][]\T2A/cmtt/m/n/12 [35852, 'jadudn', 'ypnHrKPV4p']| 
 []


Overfull \hbox (11.37827pt too wide) in paragraph at lines 1088--1088
[]|[][]\T2A/cmtt/m/n/12 [69632, 'dlccmx', 'X9JjyUfMYf']| 
 []


Overfull \hbox (11.37827pt too wide) in paragraph at lines 1089--1089
[]|[][]\T2A/cmtt/m/n/12 [46802, 'zkmlhz', 'OXO4jSVqUS']| 
 []

Package babel Info: Redefining russian shorthand "|
(babel)             in language  on input line 1096.
Package babel Info: Redefining russian shorthand "~
(babel)             in language  on input line 1096.
Package babel Info: Redefining russian shorthand "|
(babel)             in language  on input line 1096.
Package babel Info: Redefining russian shorthand "~
(babel)             in language  on input line 1096.
[36]
Package babel Info: Redefining russian shorthand "|
(babel)             in language  on input line 1096.
Package babel Info: Redefining russian shorthand "~
(babel)             in language  on input line 1096.
Package babel Info: Redefining russian shorthand "|
(babel)             in language  on input line 1139.
Package babel Info: Redefining russian shorthand "~
(babel)             in language  on input line 1139.
Package babel Info: Redefining russian shorthand "|
(babel)             in language  on input line 1139.
Package babel Info: Redefining russian shorthand "~
(babel)             in language  on input line 1139.
 [37

]
Package babel Info: Redefining russian shorthand "|
(babel)             in language  on input line 1180.
Package babel Info: Redefining russian shorthand "~
(babel)             in language  on input line 1180.
Package babel Info: Redefining russian shorthand "|
(babel)             in language  on input line 1180.
Package babel Info: Redefining russian shorthand "~
(babel)             in language  on input line 1180.
 [38]
<numpy.png, id=349, 174.05025pt x 139.722pt>
File: numpy.png Graphic file (type png)
<use numpy.png>
Package pdftex.def Info: numpy.png  used on input line 1190.
(pdftex.def)             Requested size: 174.0498pt x 139.72165pt.
Package babel Info: Redefining russian shorthand "|
(babel)             in language  on input line 1194.
Package babel Info: Redefining russian shorthand "~
(babel)             in language  on input line 1194.
Package babel Info: Redefining russian shorthand "|
(babel)             in language  on input line 1194.
Package babel Info: Redefining russian shorthand "~
(babel)             in language  on input line 1194.
 [39 <./numpy.png>]
Package babel Info: Redefining russian shorthand "|
(babel)             in language  on input line 1194.
Package babel Info: Redefining russian shorthand "~
(babel)             in language  on input line 1194.
<plot.png, id=356, 414.95026pt x 312.56775pt>
File: plot.png Graphic file (type png)
<use plot.png>
Package pdftex.def Info: plot.png  used on input line 1229.
(pdftex.def)             Requested size: 414.94923pt x 312.56697pt.
Package babel Info: Redefining russian shorthand "|
(babel)             in language  on input line 1233.
Package babel Info: Redefining russian shorthand "~
(babel)             in language  on input line 1233.
Package babel Info: Redefining russian shorthand "|
(babel)             in language  on input line 1233.
Package babel Info: Redefining russian shorthand "~
(babel)             in language  on input line 1233.
 [40

]
Package babel Info: Redefining russian shorthand "|
(babel)             in language  on input line 1233.
Package babel Info: Redefining russian shorthand "~
(babel)             in language  on input line 1233.
Package babel Info: Redefining russian shorthand "|
(babel)             in language  on input line 1233.
Package babel Info: Redefining russian shorthand "~
(babel)             in language  on input line 1233.
 [41 <./plot.png>]
Package babel Info: Redefining russian shorthand "|
(babel)             in language  on input line 1233.
Package babel Info: Redefining russian shorthand "~
(babel)             in language  on input line 1233.
Package babel Info: Redefining russian shorthand "|
(babel)             in language  on input line 1280.
Package babel Info: Redefining russian shorthand "~
(babel)             in language  on input line 1280.
Package babel Info: Redefining russian shorthand "|
(babel)             in language  on input line 1280.
Package babel Info: Redefining russian shorthand "~
(babel)             in language  on input line 1280.
 [42

]
Package babel Info: Redefining russian shorthand "|
(babel)             in language  on input line 1292.
Package babel Info: Redefining russian shorthand "~
(babel)             in language  on input line 1292.
Package babel Info: Redefining russian shorthand "|
(babel)             in language  on input line 1292.
Package babel Info: Redefining russian shorthand "~
(babel)             in language  on input line 1292.
 [43]
Package babel Info: Redefining russian shorthand "|
(babel)             in language  on input line 1292.
Package babel Info: Redefining russian shorthand "~
(babel)             in language  on input line 1292.
Package babel Info: Redefining russian shorthand "|
(babel)             in language  on input line 1336.
Package babel Info: Redefining russian shorthand "~
(babel)             in language  on input line 1336.
Package babel Info: Redefining russian shorthand "|
(babel)             in language  on input line 1336.
Package babel Info: Redefining russian shorthand "~
(babel)             in language  on input line 1336.
 [44

]
Package atveryend Info: Empty hook `BeforeClearDocument' on input line 1361.
Package babel Info: Redefining russian shorthand "|
(babel)             in language  on input line 1361.
Package babel Info: Redefining russian shorthand "~
(babel)             in language  on input line 1361.
Package babel Info: Redefining russian shorthand "|
(babel)             in language  on input line 1361.
Package babel Info: Redefining russian shorthand "~
(babel)             in language  on input line 1361.

[45]
Package atveryend Info: Empty hook `AfterLastShipout' on input line 1361.
 (pract-Burdavitsyn.aux)
Package atveryend Info: Executing hook `AtVeryEndDocument' on input line 1361.
Package atveryend Info: Executing hook `AtEndAfterFileList' on input line 1361.

Package rerunfilecheck Info: File `pract-Burdavitsyn.out' has not changed.
(rerunfilecheck)             Checksum: D790B885F272897EB5018A14C3B493E1;4368.


LaTeX Warning: There were multiply-defined labels.

Package atveryend Info: Empty hook `AtVeryVeryEnd' on input line 1361.
 ) 
Here is how much of TeX's memory you used:
 13502 strings out of 493307
 202370 string characters out of 3129325
 283527 words of memory out of 3000000
 16773 multiletter control sequences out of 15000+200000
 17892 words of font info for 51 fonts, out of 3000000 for 9000
 1141 hyphenation exceptions out of 8191
 43i,11n,40p,1036b,520s stack positions out of 5000i,500n,10000p,200000b,50000s
 <C:\Users\artyo\OneDrive\–†–∞–±–æ—á–∏–π —Å—Ç–æ–ª\PortableTEX\texmfs/data\fon
ts\pk\ljfour\lh\lh-t2a\dpi600\latt1200.pk>{C:/Users/artyo/OneDrive/–†–∞–±–æ—á–∏
–π —Å—Ç–æ–ª/PortableTEX/texmfs/install/fonts/enc/t2/t2a.enc}<C:/Users/artyo/One
Drive/–†–∞–±–æ—á–∏–π —Å—Ç–æ–ª/PortableTEX/texmfs/localtexmf/fonts/type1/public/
pscyr/times.pfb><C:/Users/artyo/OneDrive/–†–∞–±–æ—á–∏–π —Å—Ç–æ–ª/PortableTEX/te
xmfs/localtexmf/fonts/type1/public/pscyr/timesbd.pfb>
Output written on pract-Burdavitsyn.pdf (45 pages, 442510 bytes).
PDF statistics:
 542 PDF objects out of 1000 (max. 8388607)
 89 named destinations out of 1000 (max. 500000)
 260 words of extra memory for PDF output out of 10000 (max. 10000000)

