This is pdfTeX, Version 3.14159265-2.6-1.40.18 (MiKTeX 2.9.6500) (preloaded format=pdflatex 2018.1.22)  8 SEP 2018 19:11
entering extended mode
**./pract-Burdavitsyn.tex
(pract-Burdavitsyn.tex
LaTeX2e <2017-04-15>
Babel <3.16> and hyphenation patterns for 75 language(s) loaded.
(SCWorks.cls
("H:\–°—Ç–∞—Ä–∞—è –≤–∏–Ω–¥–∞\Users\Tom\Desktop\PortableTEX\texmfs\install\tex\l
atex\extsizes\extarticle.cls"
Document Class: extarticle 1996/10/08 v1.0 Non Standard LaTeX document class

("H:\–°—Ç–∞—Ä–∞—è –≤–∏–Ω–¥–∞\Users\Tom\Desktop\PortableTEX\texmfs\install\tex\l
atex\extsizes\size14.clo"
File: size14.clo 1999/11/11 v1.4a NON-Standard LaTeX file (size option)
)
("H:\–°—Ç–∞—Ä–∞—è –≤–∏–Ω–¥–∞\Users\Tom\Desktop\PortableTEX\texmfs\install\tex\l
atex\base\exscale.sty"
Package: exscale 2014/09/29 v2.1h Standard LaTeX package exscale
LaTeX Font Info:    Redeclaring symbol font `largesymbols' on input line 57.
LaTeX Font Info:    Overwriting symbol font `largesymbols' in version `normal'
(Font)                  OMX/cmex/m/n --> OMX/cmex/m/n on input line 57.
LaTeX Font Info:    Overwriting symbol font `largesymbols' in version `bold'
(Font)                  OMX/cmex/m/n --> OMX/cmex/m/n on input line 57.
\big@size=\dimen102
)
\c@part=\count79
\c@section=\count80
\c@subsection=\count81
\c@subsubsection=\count82
\c@paragraph=\count83
\c@subparagraph=\count84
\c@figure=\count85
\c@table=\count86
\abovecaptionskip=\skip41
\belowcaptionskip=\skip42
\bibindent=\dimen103
)
("H:\–°—Ç–∞—Ä–∞—è –≤–∏–Ω–¥–∞\Users\Tom\Desktop\PortableTEX\texmfs\install\tex\l
atex\geometry\geometry.sty"
Package: geometry 2010/09/12 v5.6 Page Geometry

("H:\–°—Ç–∞—Ä–∞—è –≤–∏–Ω–¥–∞\Users\Tom\Desktop\PortableTEX\texmfs\install\tex\l
atex\graphics\keyval.sty"
Package: keyval 2014/10/28 v1.15 key=value parser (DPC)
\KV@toks@=\toks14
)
("H:\–°—Ç–∞—Ä–∞—è –≤–∏–Ω–¥–∞\Users\Tom\Desktop\PortableTEX\texmfs\install\tex\g
eneric\oberdiek\ifpdf.sty"
Package: ifpdf 2017/03/15 v3.2 Provides the ifpdf switch
)
("H:\–°—Ç–∞—Ä–∞—è –≤–∏–Ω–¥–∞\Users\Tom\Desktop\PortableTEX\texmfs\install\tex\g
eneric\oberdiek\ifvtex.sty"
Package: ifvtex 2016/05/16 v1.6 Detect VTeX and its facilities (HO)
Package ifvtex Info: VTeX not detected.
)
("H:\–°—Ç–∞—Ä–∞—è –≤–∏–Ω–¥–∞\Users\Tom\Desktop\PortableTEX\texmfs\install\tex\g
eneric\ifxetex\ifxetex.sty"
Package: ifxetex 2010/09/12 v0.6 Provides ifxetex conditional
)
\Gm@cnth=\count87
\Gm@cntv=\count88
\c@Gm@tempcnt=\count89
\Gm@bindingoffset=\dimen104
\Gm@wd@mp=\dimen105
\Gm@odd@mp=\dimen106
\Gm@even@mp=\dimen107
\Gm@layoutwidth=\dimen108
\Gm@layoutheight=\dimen109
\Gm@layouthoffset=\dimen110
\Gm@layoutvoffset=\dimen111
\Gm@dimlist=\toks15

("H:\–°—Ç–∞—Ä–∞—è –≤–∏–Ω–¥–∞\Users\Tom\Desktop\PortableTEX\texmfs\install\tex\l
atex\geometry\geometry.cfg"))
("H:\–°—Ç–∞—Ä–∞—è –≤–∏–Ω–¥–∞\Users\Tom\Desktop\PortableTEX\texmfs\install\tex\l
atex\setspace\setspace.sty"
Package: setspace 2011/12/19 v6.7a set line spacing
)
("H:\–°—Ç–∞—Ä–∞—è –≤–∏–Ω–¥–∞\Users\Tom\Desktop\PortableTEX\texmfs\install\tex\l
atex\tools\calc.sty"
Package: calc 2014/10/28 v4.3 Infix arithmetic (KKT,FJ)
\calc@Acount=\count90
\calc@Bcount=\count91
\calc@Adimen=\dimen112
\calc@Bdimen=\dimen113
\calc@Askip=\skip43
\calc@Bskip=\skip44
LaTeX Info: Redefining \setlength on input line 80.
LaTeX Info: Redefining \addtolength on input line 81.
\calc@Ccount=\count92
\calc@Cskip=\skip45
)
("H:\–°—Ç–∞—Ä–∞—è –≤–∏–Ω–¥–∞\Users\Tom\Desktop\PortableTEX\texmfs\install\tex\l
atex\titlesec\titlesec.sty"
Package: titlesec 2016/03/21 v2.10.2 Sectioning titles
\ttl@box=\box26
\beforetitleunit=\skip46
\aftertitleunit=\skip47
\ttl@plus=\dimen114
\ttl@minus=\dimen115
\ttl@toksa=\toks16
\titlewidth=\dimen116
\titlewidthlast=\dimen117
\titlewidthfirst=\dimen118
)
("H:\–°—Ç–∞—Ä–∞—è –≤–∏–Ω–¥–∞\Users\Tom\Desktop\PortableTEX\texmfs\install\tex\l
atex\titlesec\titletoc.sty"
Package: titletoc 2011/12/15 v1.6 TOC entries
\ttl@leftsep=\dimen119
)
("H:\–°—Ç–∞—Ä–∞—è –≤–∏–Ω–¥–∞\Users\Tom\Desktop\PortableTEX\texmfs\install\tex\l
atex\caption\caption.sty"
Package: caption 2016/02/21 v3.3-144 Customizing captions (AR)

("H:\–°—Ç–∞—Ä–∞—è –≤–∏–Ω–¥–∞\Users\Tom\Desktop\PortableTEX\texmfs\install\tex\l
atex\caption\caption3.sty"
Package: caption3 2016/05/22 v1.7-166 caption3 kernel (AR)
Package caption3 Info: TeX engine: e-TeX on input line 67.
\captionmargin=\dimen120
\captionmargin@=\dimen121
\captionwidth=\dimen122
\caption@tempdima=\dimen123
\caption@indent=\dimen124
\caption@parindent=\dimen125
\caption@hangindent=\dimen126
)
\c@ContinuedFloat=\count93
)
("H:\–°—Ç–∞—Ä–∞—è –≤–∏–Ω–¥–∞\Users\Tom\Desktop\PortableTEX\texmfs\install\tex\l
atex\enumitem\enumitem.sty"
Package: enumitem 2011/09/28 v3.5.2 Customized lists
\labelindent=\skip48
\enit@outerparindent=\dimen127
\enit@toks=\toks17
\enit@inbox=\box27
\enitdp@description=\count94
)
\tmp=\skip49

("H:\–°—Ç–∞—Ä–∞—è –≤–∏–Ω–¥–∞\Users\Tom\Desktop\PortableTEX\texmfs\install\tex\l
atex\titlesec\block.tss"
File: block.tss 2016/03/15
))
("H:\–°—Ç–∞—Ä–∞—è –≤–∏–Ω–¥–∞\Users\Tom\Desktop\PortableTEX\texmfs\install\tex\l
atex\base\fontenc.sty"
Package: fontenc 2017/04/05 v2.0i Standard LaTeX package

("H:\–°—Ç–∞—Ä–∞—è –≤–∏–Ω–¥–∞\Users\Tom\Desktop\PortableTEX\texmfs\install\tex\l
atex\cyrillic\t2aenc.def"
File: t2aenc.def 2005/09/27 v1.0i Cyrillic encoding definition file
)
LaTeX Font Info:    Try loading font information for T2A+cmr on input line 105.


("H:\–°—Ç–∞—Ä–∞—è –≤–∏–Ω–¥–∞\Users\Tom\Desktop\PortableTEX\texmfs\install\tex\l
atex\cyrillic\t2acmr.fd"
File: t2acmr.fd 2001/08/11 v1.0a Computer Modern Cyrillic font definitions
))
("H:\–°—Ç–∞—Ä–∞—è –≤–∏–Ω–¥–∞\Users\Tom\Desktop\PortableTEX\texmfs\install\tex\l
atex\base\inputenc.sty"
Package: inputenc 2015/03/17 v1.2c Input encoding file
\inpenc@prehook=\toks18
\inpenc@posthook=\toks19

("H:\–°—Ç–∞—Ä–∞—è –≤–∏–Ω–¥–∞\Users\Tom\Desktop\PortableTEX\texmfs\install\tex\l
atex\cyrillic\cp1251.def"
File: cp1251.def 2014/10/28 v1.0d Input encoding file
))
("H:\–°—Ç–∞—Ä–∞—è –≤–∏–Ω–¥–∞\Users\Tom\Desktop\PortableTEX\texmfs\install\tex\l
atex\graphics\graphicx.sty"
Package: graphicx 2017/06/01 v1.1a Enhanced LaTeX Graphics (DPC,SPQR)

("H:\–°—Ç–∞—Ä–∞—è –≤–∏–Ω–¥–∞\Users\Tom\Desktop\PortableTEX\texmfs\install\tex\l
atex\graphics\graphics.sty"
Package: graphics 2017/06/25 v1.2c Standard LaTeX Graphics (DPC,SPQR)

("H:\–°—Ç–∞—Ä–∞—è –≤–∏–Ω–¥–∞\Users\Tom\Desktop\PortableTEX\texmfs\install\tex\l
atex\graphics\trig.sty"
Package: trig 2016/01/03 v1.10 sin cos tan (DPC)
)
("H:\–°—Ç–∞—Ä–∞—è –≤–∏–Ω–¥–∞\Users\Tom\Desktop\PortableTEX\texmfs\install\tex\l
atex\graphics-cfg\graphics.cfg"
File: graphics.cfg 2016/06/04 v1.11 sample graphics configuration
)
Package graphics Info: Driver file: pdftex.def on input line 99.

("H:\–°—Ç–∞—Ä–∞—è –≤–∏–Ω–¥–∞\Users\Tom\Desktop\PortableTEX\texmfs\install\tex\l
atex\graphics-def\pdftex.def"
File: pdftex.def 2018/01/08 v1.0l Graphics/color driver for pdftex
))
\Gin@req@height=\dimen128
\Gin@req@width=\dimen129
)
("H:\–°—Ç–∞—Ä–∞—è –≤–∏–Ω–¥–∞\Users\Tom\Desktop\PortableTEX\texmfs\install\tex\l
atex\cite\cite.sty"
LaTeX Info: Redefining \cite on input line 302.
LaTeX Info: Redefining \nocite on input line 332.
Package: cite 2015/02/27  v 5.5
)
("H:\–°—Ç–∞—Ä–∞—è –≤–∏–Ω–¥–∞\Users\Tom\Desktop\PortableTEX\texmfs\install\tex\l
atex\amsmath\amsmath.sty"
Package: amsmath 2017/09/02 v2.17a AMS math features
\@mathmargin=\skip50

For additional information on amsmath, use the `?' option.

("H:\–°—Ç–∞—Ä–∞—è –≤–∏–Ω–¥–∞\Users\Tom\Desktop\PortableTEX\texmfs\install\tex\l
atex\amsmath\amstext.sty"
Package: amstext 2000/06/29 v2.01 AMS text

("H:\–°—Ç–∞—Ä–∞—è –≤–∏–Ω–¥–∞\Users\Tom\Desktop\PortableTEX\texmfs\install\tex\l
atex\amsmath\amsgen.sty"
File: amsgen.sty 1999/11/30 v2.0 generic functions
\@emptytoks=\toks20
\ex@=\dimen130
))
("H:\–°—Ç–∞—Ä–∞—è –≤–∏–Ω–¥–∞\Users\Tom\Desktop\PortableTEX\texmfs\install\tex\l
atex\amsmath\amsbsy.sty"
Package: amsbsy 1999/11/29 v1.2d Bold Symbols
\pmbraise@=\dimen131
)
("H:\–°—Ç–∞—Ä–∞—è –≤–∏–Ω–¥–∞\Users\Tom\Desktop\PortableTEX\texmfs\install\tex\l
atex\amsmath\amsopn.sty"
Package: amsopn 2016/03/08 v2.02 operator names
)
\inf@bad=\count95
LaTeX Info: Redefining \frac on input line 213.
\uproot@=\count96
\leftroot@=\count97
LaTeX Info: Redefining \overline on input line 375.
\classnum@=\count98
\DOTSCASE@=\count99
LaTeX Info: Redefining \ldots on input line 472.
LaTeX Info: Redefining \dots on input line 475.
LaTeX Info: Redefining \cdots on input line 596.
\Mathstrutbox@=\box28
\strutbox@=\box29
\big@size=\dimen132
LaTeX Font Info:    Redeclaring font encoding OML on input line 712.
LaTeX Font Info:    Redeclaring font encoding OMS on input line 713.
\macc@depth=\count100
\c@MaxMatrixCols=\count101
\dotsspace@=\muskip10
\c@parentequation=\count102
\dspbrk@lvl=\count103
\tag@help=\toks21
\row@=\count104
\column@=\count105
\maxfields@=\count106
\andhelp@=\toks22
\eqnshift@=\dimen133
\alignsep@=\dimen134
\tagshift@=\dimen135
\tagwidth@=\dimen136
\totwidth@=\dimen137
\lineht@=\dimen138
\@envbody=\toks23
\multlinegap=\skip51
\multlinetaggap=\skip52
\mathdisplay@stack=\toks24
LaTeX Info: Redefining \[ on input line 2817.
LaTeX Info: Redefining \] on input line 2818.
)
("H:\–°—Ç–∞—Ä–∞—è –≤–∏–Ω–¥–∞\Users\Tom\Desktop\PortableTEX\texmfs\install\tex\l
atex\amsfonts\amssymb.sty"
Package: amssymb 2013/01/14 v3.01 AMS font symbols

("H:\–°—Ç–∞—Ä–∞—è –≤–∏–Ω–¥–∞\Users\Tom\Desktop\PortableTEX\texmfs\install\tex\l
atex\amsfonts\amsfonts.sty"
Package: amsfonts 2013/01/14 v3.01 Basic AMSFonts support
\symAMSa=\mathgroup4
\symAMSb=\mathgroup5
LaTeX Font Info:    Overwriting math alphabet `\mathfrak' in version `bold'
(Font)                  U/euf/m/n --> U/euf/b/n on input line 106.
))
("H:\–°—Ç–∞—Ä–∞—è –≤–∏–Ω–¥–∞\Users\Tom\Desktop\PortableTEX\texmfs\install\tex\l
atex\amscls\amsthm.sty"
Package: amsthm 2017/10/31 v2.20.4
\thm@style=\toks25
\thm@bodyfont=\toks26
\thm@headfont=\toks27
\thm@notefont=\toks28
\thm@headpunct=\toks29
\thm@preskip=\skip53
\thm@postskip=\skip54
\thm@headsep=\skip55
\dth@everypar=\toks30
)
("H:\–°—Ç–∞—Ä–∞—è –≤–∏–Ω–¥–∞\Users\Tom\Desktop\PortableTEX\texmfs\install\tex\l
atex\fancyvrb\fancyvrb.sty"
Package: fancyvrb 2008/02/07

Style option: `fancyvrb' v2.7a, with DG/SPQR fixes, and firstline=lastline fix 
<2008/02/07> (tvz)
\FV@CodeLineNo=\count107
\FV@InFile=\read1
\FV@TabBox=\box30
\c@FancyVerbLine=\count108
\FV@StepNumber=\count109
\FV@OutFile=\write3
)
("H:\–°—Ç–∞—Ä–∞—è –≤–∏–Ω–¥–∞\Users\Tom\Desktop\PortableTEX\texmfs\install\tex\l
atex\tools\longtable.sty"
Package: longtable 2014/10/28 v4.11 Multi-page Table package (DPC)
\LTleft=\skip56
\LTright=\skip57
\LTpre=\skip58
\LTpost=\skip59
\LTchunksize=\count110
\LTcapwidth=\dimen139
\LT@head=\box31
\LT@firsthead=\box32
\LT@foot=\box33
\LT@lastfoot=\box34
\LT@cols=\count111
\LT@rows=\count112
\c@LT@tables=\count113
\c@LT@chunks=\count114
\LT@p@ftn=\toks31
)
("H:\–°—Ç–∞—Ä–∞—è –≤–∏–Ω–¥–∞\Users\Tom\Desktop\PortableTEX\texmfs\install\tex\l
atex\tools\array.sty"
Package: array 2016/10/06 v2.4d Tabular extension package (FMi)
\col@sep=\dimen140
\extrarowheight=\dimen141
\NC@list=\toks32
\extratabsurround=\skip60
\backup@length=\skip61
)
("H:\–°—Ç–∞—Ä–∞—è –≤–∏–Ω–¥–∞\Users\Tom\Desktop\PortableTEX\texmfs\install\tex\l
atex\tools\verbatim.sty"
Package: verbatim 2014/10/28 v1.5q LaTeX2e package for verbatim enhancements
\every@verbatim=\toks33
\verbatim@line=\toks34
\verbatim@in@stream=\read2
)
("H:\–°—Ç–∞—Ä–∞—è –≤–∏–Ω–¥–∞\Users\Tom\Desktop\PortableTEX\texmfs\install\tex\g
eneric\babel\babel.sty"
Package: babel 2018/01/04 3.16 The Babel package

("H:\–°—Ç–∞—Ä–∞—è –≤–∏–Ω–¥–∞\Users\Tom\Desktop\PortableTEX\texmfs\install\tex\g
eneric\babel\switch.def"
File: switch.def 2018/01/04 3.16 Babel switching mechanism
)
*************************************
* Local config file bblopts.cfg used
*

("H:\–°—Ç–∞—Ä–∞—è –≤–∏–Ω–¥–∞\Users\Tom\Desktop\PortableTEX\texmfs\install\tex\l
atex\arabi\bblopts.cfg"
File: bblopts.cfg 2005/09/08 v0.1 add Arabic and Farsi to "declared" options of
 babel
)
("H:\–°—Ç–∞—Ä–∞—è –≤–∏–Ω–¥–∞\Users\Tom\Desktop\PortableTEX\texmfs\install\tex\l
atex\babel-english\english.ldf"
Language: english 2017/06/06 v3.3r English support from the babel system

("H:\–°—Ç–∞—Ä–∞—è –≤–∏–Ω–¥–∞\Users\Tom\Desktop\PortableTEX\texmfs\install\tex\g
eneric\babel\babel.def"
File: babel.def 2018/01/04 3.16 Babel common definitions

("H:\–°—Ç–∞—Ä–∞—è –≤–∏–Ω–¥–∞\Users\Tom\Desktop\PortableTEX\texmfs\install\tex\g
eneric\babel\switch.def"
File: switch.def 2018/01/04 3.16 Babel switching mechanism
)
\babel@savecnt=\count115
\U@D=\dimen142

("H:\–°—Ç–∞—Ä–∞—è –≤–∏–Ω–¥–∞\Users\Tom\Desktop\PortableTEX\texmfs\install\tex\g
eneric\babel\txtbabel.def")
\bbl@dirlevel=\count116
)
\l@canadian = a dialect from \language\l@american 
\l@australian = a dialect from \language\l@british 
\l@newzealand = a dialect from \language\l@british 
)
("H:\–°—Ç–∞—Ä–∞—è –≤–∏–Ω–¥–∞\Users\Tom\Desktop\PortableTEX\texmfs\install\tex\l
atex\babel-russian\russianb.ldf"
Language: russian 2017/08/12 1.3j Russian support for the Babel system
Package babel Info: Making " an active character on input line 120.
Package babel Info: Default for \cyrdash is provided on input line 157.
))
("H:\–°—Ç–∞—Ä–∞—è –≤–∏–Ω–¥–∞\Users\Tom\Desktop\PortableTEX\texmfs\install\tex\l
atex\hyperref\hyperref.sty"
Package: hyperref 2017/03/14 v6.85a Hypertext links for LaTeX

("H:\–°—Ç–∞—Ä–∞—è –≤–∏–Ω–¥–∞\Users\Tom\Desktop\PortableTEX\texmfs\install\tex\g
eneric\oberdiek\hobsub-hyperref.sty"
Package: hobsub-hyperref 2016/05/16 v1.14 Bundle oberdiek, subset hyperref (HO)


("H:\–°—Ç–∞—Ä–∞—è –≤–∏–Ω–¥–∞\Users\Tom\Desktop\PortableTEX\texmfs\install\tex\g
eneric\oberdiek\hobsub-generic.sty"
Package: hobsub-generic 2016/05/16 v1.14 Bundle oberdiek, subset generic (HO)
Package: hobsub 2016/05/16 v1.14 Construct package bundles (HO)
Package: infwarerr 2016/05/16 v1.4 Providing info/warning/error messages (HO)
Package: ltxcmds 2016/05/16 v1.23 LaTeX kernel commands for general use (HO)
Package: ifluatex 2016/05/16 v1.4 Provides the ifluatex switch (HO)
Package ifluatex Info: LuaTeX not detected.
Package hobsub Info: Skipping package `ifvtex' (already loaded).
Package: intcalc 2016/05/16 v1.2 Expandable calculations with integers (HO)
Package hobsub Info: Skipping package `ifpdf' (already loaded).
Package: etexcmds 2016/05/16 v1.6 Avoid name clashes with e-TeX commands (HO)
Package etexcmds Info: Could not find \expanded.
(etexcmds)             That can mean that you are not using pdfTeX 1.50 or
(etexcmds)             that some package has redefined \expanded.
(etexcmds)             In the latter case, load this package earlier.
Package: kvsetkeys 2016/05/16 v1.17 Key value parser (HO)
Package: kvdefinekeys 2016/05/16 v1.4 Define keys (HO)
Package: pdftexcmds 2017/03/19 v0.25 Utility functions of pdfTeX for LuaTeX (HO
)
Package pdftexcmds Info: LuaTeX not detected.
Package pdftexcmds Info: \pdf@primitive is available.
Package pdftexcmds Info: \pdf@ifprimitive is available.
Package pdftexcmds Info: \pdfdraftmode found.
Package: pdfescape 2016/05/16 v1.14 Implements pdfTeX's escape features (HO)
Package: bigintcalc 2016/05/16 v1.4 Expandable calculations on big integers (HO
)
Package: bitset 2016/05/16 v1.2 Handle bit-vector datatype (HO)
Package: uniquecounter 2016/05/16 v1.3 Provide unlimited unique counter (HO)
)
Package hobsub Info: Skipping package `hobsub' (already loaded).
Package: letltxmacro 2016/05/16 v1.5 Let assignment for LaTeX macros (HO)
Package: hopatch 2016/05/16 v1.3 Wrapper for package hooks (HO)
Package: xcolor-patch 2016/05/16 xcolor patch
Package: atveryend 2016/05/16 v1.9 Hooks at the very end of document (HO)
Package atveryend Info: \enddocument detected (standard20110627).
Package: atbegshi 2016/06/09 v1.18 At begin shipout hook (HO)
Package: refcount 2016/05/16 v3.5 Data extraction from label references (HO)
Package: hycolor 2016/05/16 v1.8 Color options for hyperref/bookmark (HO)
)
("H:\–°—Ç–∞—Ä–∞—è –≤–∏–Ω–¥–∞\Users\Tom\Desktop\PortableTEX\texmfs\install\tex\l
atex\oberdiek\auxhook.sty"
Package: auxhook 2016/05/16 v1.4 Hooks for auxiliary files (HO)
)
("H:\–°—Ç–∞—Ä–∞—è –≤–∏–Ω–¥–∞\Users\Tom\Desktop\PortableTEX\texmfs\install\tex\l
atex\oberdiek\kvoptions.sty"
Package: kvoptions 2016/05/16 v3.12 Key value format for package options (HO)
)
\@linkdim=\dimen143
\Hy@linkcounter=\count117
\Hy@pagecounter=\count118

("H:\–°—Ç–∞—Ä–∞—è –≤–∏–Ω–¥–∞\Users\Tom\Desktop\PortableTEX\texmfs\install\tex\l
atex\hyperref\pd1enc.def"
File: pd1enc.def 2017/03/14 v6.85a Hyperref: PDFDocEncoding definition (HO)
)
\Hy@SavedSpaceFactor=\count119
Package hyperref Info: Option `unicode' set `true' on input line 3453.

("H:\–°—Ç–∞—Ä–∞—è –≤–∏–Ω–¥–∞\Users\Tom\Desktop\PortableTEX\texmfs\install\tex\l
atex\hyperref\puenc.def"
File: puenc.def 2017/03/14 v6.85a Hyperref: PDF Unicode definition (HO)
)
("H:\–°—Ç–∞—Ä–∞—è –≤–∏–Ω–¥–∞\Users\Tom\Desktop\PortableTEX\texmfs\install\tex\l
atex\00miktex\hyperref.cfg"
File: hyperref.cfg 2002/06/06 v1.2 hyperref configuration of TeXLive
)
Package hyperref Info: Option `colorlinks' set `true' on input line 4374.
Package hyperref Info: Hyper figures OFF on input line 4498.
Package hyperref Info: Link nesting OFF on input line 4503.
Package hyperref Info: Hyper index ON on input line 4506.
Package hyperref Info: Plain pages OFF on input line 4513.
Package hyperref Info: Backreferencing OFF on input line 4518.
Package hyperref Info: Implicit mode ON; LaTeX internals redefined.
Package hyperref Info: Bookmarks ON on input line 4751.
\c@Hy@tempcnt=\count120

("H:\–°—Ç–∞—Ä–∞—è –≤–∏–Ω–¥–∞\Users\Tom\Desktop\PortableTEX\texmfs\install\tex\l
atex\url\url.sty"
\Urlmuskip=\muskip11
Package: url 2013/09/16  ver 3.4  Verb mode for urls, etc.
)
LaTeX Info: Redefining \url on input line 5104.
\XeTeXLinkMargin=\dimen144
\Fld@menulength=\count121
\Field@Width=\dimen145
\Fld@charsize=\dimen146
Package hyperref Info: Hyper figures OFF on input line 6358.
Package hyperref Info: Link nesting OFF on input line 6363.
Package hyperref Info: Hyper index ON on input line 6366.
Package hyperref Info: backreferencing OFF on input line 6373.
Package hyperref Info: Link coloring ON on input line 6376.
Package hyperref Info: Link coloring with OCG OFF on input line 6383.
Package hyperref Info: PDF/A mode OFF on input line 6388.
LaTeX Info: Redefining \ref on input line 6428.
LaTeX Info: Redefining \pageref on input line 6432.
\Hy@abspage=\count122
\c@Item=\count123
\c@Hfootnote=\count124
)

Package hyperref Message: Driver (autodetected): hpdftex.


("H:\–°—Ç–∞—Ä–∞—è –≤–∏–Ω–¥–∞\Users\Tom\Desktop\PortableTEX\texmfs\install\tex\l
atex\hyperref\hpdftex.def"
File: hpdftex.def 2017/03/14 v6.85a Hyperref driver for pdfTeX
\Fld@listcount=\count125
\c@bookmark@seq@number=\count126

("H:\–°—Ç–∞—Ä–∞—è –≤–∏–Ω–¥–∞\Users\Tom\Desktop\PortableTEX\texmfs\install\tex\l
atex\oberdiek\rerunfilecheck.sty"
Package: rerunfilecheck 2016/05/16 v1.8 Rerun checks for auxiliary files (HO)
Package uniquecounter Info: New unique counter `rerunfilecheck' on input line 2
82.
)
\Hy@SectionHShift=\skip62
)
\c@lem=\count127
 (pract-Burdavitsyn.aux)
\openout1 = `pract-Burdavitsyn.aux'.

LaTeX Font Info:    Checking defaults for OML/cmm/m/it on input line 44.
LaTeX Font Info:    ... okay on input line 44.
LaTeX Font Info:    Checking defaults for T1/cmr/m/n on input line 44.
LaTeX Font Info:    ... okay on input line 44.
LaTeX Font Info:    Checking defaults for OT1/cmr/m/n on input line 44.
LaTeX Font Info:    ... okay on input line 44.
LaTeX Font Info:    Checking defaults for OMS/cmsy/m/n on input line 44.
LaTeX Font Info:    ... okay on input line 44.
LaTeX Font Info:    Checking defaults for OMX/cmex/m/n on input line 44.
LaTeX Font Info:    ... okay on input line 44.
LaTeX Font Info:    Checking defaults for U/cmr/m/n on input line 44.
LaTeX Font Info:    ... okay on input line 44.
LaTeX Font Info:    Checking defaults for T2A/cmr/m/n on input line 44.
LaTeX Font Info:    ... okay on input line 44.
LaTeX Font Info:    Checking defaults for PD1/pdf/m/n on input line 44.
LaTeX Font Info:    ... okay on input line 44.
LaTeX Font Info:    Checking defaults for PU/pdf/m/n on input line 44.
LaTeX Font Info:    ... okay on input line 44.
LaTeX Font Info:    Try loading font information for T2A+ftm on input line 44.

("H:\–°—Ç–∞—Ä–∞—è –≤–∏–Ω–¥–∞\Users\Tom\Desktop\PortableTEX\texmfs\localtexmf\te
x\latex\pscyr\t2aftm.fd"
File: t2aftm.fd 2001/03/03 v0.4c PS font definitions for T2A/TimesNewRomanPSMT/
PSCyr
)
*geometry* driver: auto-detecting
*geometry* detected driver: pdftex
*geometry* verbose mode - [ preamble ] result:
* driver: pdftex
* paper: a4paper
* layout: <same size as paper>
* layoutoffset:(h,v)=(0.0pt,0.0pt)
* modes: 
* h-part:(L,W,R)=(71.13188pt, 483.69687pt, 42.67912pt)
* v-part:(T,H,B)=(56.9055pt, 731.23584pt, 56.9055pt)
* \paperwidth=597.50787pt
* \paperheight=845.04684pt
* \textwidth=483.69687pt
* \textheight=731.23584pt
* \oddsidemargin=-1.1381pt
* \evensidemargin=-1.1381pt
* \topmargin=-15.36449pt
* \headheight=0.0pt
* \headsep=0.0pt
* \topskip=14.0pt
* \footskip=28.45274pt
* \marginparwidth=24.0pt
* \marginparsep=10.0pt
* \columnsep=10.0pt
* \skip\footins=12.0pt plus 4.0pt minus 2.0pt
* \hoffset=0.0pt
* \voffset=0.0pt
* \mag=1000
* \@twocolumnfalse
* \@twosidefalse
* \@mparswitchfalse
* \@reversemarginfalse
* (1in=72.27pt=25.4mm, 1cm=28.453pt)

Package caption Info: Begin \AtBeginDocument code.
Package caption Info: hyperref package is loaded.
Package caption Info: longtable package is loaded.

("H:\–°—Ç–∞—Ä–∞—è –≤–∏–Ω–¥–∞\Users\Tom\Desktop\PortableTEX\texmfs\install\tex\l
atex\caption\ltcaption.sty"
Package: ltcaption 2013/06/09 v1.4-94 longtable captions (AR)
)
Package caption Info: End \AtBeginDocument code.
Package caption Info: We need package `ragged2e' on input line 44.

("H:\–°—Ç–∞—Ä–∞—è –≤–∏–Ω–¥–∞\Users\Tom\Desktop\PortableTEX\texmfs\install\tex\l
atex\ms\ragged2e.sty"
Package: ragged2e 2009/05/21 v2.1 ragged2e Package (MS)

("H:\–°—Ç–∞—Ä–∞—è –≤–∏–Ω–¥–∞\Users\Tom\Desktop\PortableTEX\texmfs\install\tex\l
atex\ms\everysel.sty"
Package: everysel 2011/10/28 v1.2 EverySelectfont Package (MS)
 ABD: EverySelectfont initializing macros
LaTeX Info: Redefining \selectfont on input line 126.
)
\CenteringLeftskip=\skip63
\RaggedLeftLeftskip=\skip64
\RaggedRightLeftskip=\skip65
\CenteringRightskip=\skip66
\RaggedLeftRightskip=\skip67
\RaggedRightRightskip=\skip68
\CenteringParfillskip=\skip69
\RaggedLeftParfillskip=\skip70
\RaggedRightParfillskip=\skip71
\JustifyingParfillskip=\skip72
\CenteringParindent=\skip73
\RaggedLeftParindent=\skip74
\RaggedRightParindent=\skip75
\JustifyingParindent=\skip76
)
("H:\–°—Ç–∞—Ä–∞—è –≤–∏–Ω–¥–∞\Users\Tom\Desktop\PortableTEX\texmfs\install\tex\c
ontext\base\supp-pdf.mkii"
[Loading MPS to PDF converter (version 2006.09.02).]
\scratchcounter=\count128
\scratchdimen=\dimen147
\scratchbox=\box35
\nofMPsegments=\count129
\nofMParguments=\count130
\everyMPshowfont=\toks35
\MPscratchCnt=\count131
\MPscratchDim=\dimen148
\MPnumerator=\count132
\makeMPintoPDFobject=\count133
\everyMPtoPDFconversion=\toks36
)
("H:\–°—Ç–∞—Ä–∞—è –≤–∏–Ω–¥–∞\Users\Tom\Desktop\PortableTEX\texmfs\install\tex\l
atex\oberdiek\epstopdf-base.sty"
Package: epstopdf-base 2016/05/15 v2.6 Base part for package epstopdf

("H:\–°—Ç–∞—Ä–∞—è –≤–∏–Ω–¥–∞\Users\Tom\Desktop\PortableTEX\texmfs\install\tex\l
atex\oberdiek\grfext.sty"
Package: grfext 2016/05/16 v1.2 Manage graphics extensions (HO)
)
Package epstopdf-base Info: Redefining graphics rule for `.eps' on input line 4
38.
Package grfext Info: Graphics extension search list:
(grfext)             [.pdf,.png,.jpg,.mps,.jpeg,.jbig2,.jb2,.PDF,.PNG,.JPG,.JPE
G,.JBIG2,.JB2,.eps]
(grfext)             \AppendGraphicsExtensions on input line 456.
)
\AtBeginShipoutBox=\box36

("H:\–°—Ç–∞—Ä–∞—è –≤–∏–Ω–¥–∞\Users\Tom\Desktop\PortableTEX\texmfs\install\tex\l
atex\graphics\color.sty"
Package: color 2016/07/10 v1.1e Standard LaTeX Color (DPC)

("H:\–°—Ç–∞—Ä–∞—è –≤–∏–Ω–¥–∞\Users\Tom\Desktop\PortableTEX\texmfs\install\tex\l
atex\graphics-cfg\color.cfg"
File: color.cfg 2016/01/02 v1.6 sample color configuration
)
Package color Info: Driver file: pdftex.def on input line 147.
)
Package hyperref Info: Link coloring ON on input line 44.

("H:\–°—Ç–∞—Ä–∞—è –≤–∏–Ω–¥–∞\Users\Tom\Desktop\PortableTEX\texmfs\install\tex\l
atex\hyperref\nameref.sty"
Package: nameref 2016/05/21 v2.44 Cross-referencing by name of section

("H:\–°—Ç–∞—Ä–∞—è –≤–∏–Ω–¥–∞\Users\Tom\Desktop\PortableTEX\texmfs\install\tex\g
eneric\oberdiek\gettitlestring.sty"
Package: gettitlestring 2016/05/16 v1.5 Cleanup title references (HO)
)
\c@section@level=\count134
)
LaTeX Info: Redefining \ref on input line 44.
LaTeX Info: Redefining \pageref on input line 44.
LaTeX Info: Redefining \nameref on input line 44.
 (pract-Burdavitsyn.out)
(pract-Burdavitsyn.out)
\@outlinefile=\write4
\openout4 = `pract-Burdavitsyn.out'.

LaTeX Font Info:    Try loading font information for U+msa on input line 101.

("H:\–°—Ç–∞—Ä–∞—è –≤–∏–Ω–¥–∞\Users\Tom\Desktop\PortableTEX\texmfs\install\tex\l
atex\amsfonts\umsa.fd"
File: umsa.fd 2013/01/14 v3.01 AMS symbols A
)
LaTeX Font Info:    Try loading font information for U+msb on input line 101.

("H:\–°—Ç–∞—Ä–∞—è –≤–∏–Ω–¥–∞\Users\Tom\Desktop\PortableTEX\texmfs\install\tex\l
atex\amsfonts\umsb.fd"
File: umsb.fd 2013/01/14 v3.01 AMS symbols B
)
Underfull \hbox (badness 10000) in paragraph at lines 101--101

 []

Package babel Info: Redefining russian shorthand "|
(babel)             in language  on input line 101.
Package babel Info: Redefining russian shorthand "~
(babel)             in language  on input line 101.
Package babel Info: Redefining russian shorthand "|
(babel)             in language  on input line 101.
Package babel Info: Redefining russian shorthand "~
(babel)             in language  on input line 101.
[1

{H:/–°—Ç–∞—Ä–∞—è –≤–∏–Ω–¥–∞/Users/Tom/Desktop/PortableTEX/texmfs/data/pdftex/co
nfig/pdftex.map}]
Package babel Info: Redefining russian shorthand "|
(babel)             in language  on input line 101.
Package babel Info: Redefining russian shorthand "~
(babel)             in language  on input line 101.
Package babel Info: Redefining russian shorthand "|
(babel)             in language  on input line 101.
Package babel Info: Redefining russian shorthand "~
(babel)             in language  on input line 101.
 [2] (pract-Burdavitsyn.toc
LaTeX Font Info:    Try loading font information for OT1+ftm on input line 1.

("H:\–°—Ç–∞—Ä–∞—è –≤–∏–Ω–¥–∞\Users\Tom\Desktop\PortableTEX\texmfs\localtexmf\te
x\latex\pscyr\ot1ftm.fd"
File: ot1ftm.fd 2001/03/03 Fontinst v1.801 font definitions for OT1/ftm.
))
\tf@toc=\write5
\openout5 = `pract-Burdavitsyn.toc'.

Package babel Info: Redefining russian shorthand "|
(babel)             in language  on input line 114.
Package babel Info: Redefining russian shorthand "~
(babel)             in language  on input line 114.
Package babel Info: Redefining russian shorthand "|
(babel)             in language  on input line 114.
Package babel Info: Redefining russian shorthand "~
(babel)             in language  on input line 114.
 [3

]
Package babel Info: Redefining russian shorthand "|
(babel)             in language  on input line 114.
Package babel Info: Redefining russian shorthand "~
(babel)             in language  on input line 114.

Overfull \hbox (4.43886pt too wide) in paragraph at lines 115--116
[]\T2A/ftm/m/n/14.4 ¡Ë·ÎËÓÚÂÍ‡ ÒÚ‡Ì-‰‡Ú-Ì˚ı ¯‡·-ÎÓ-ÌÓ‚ (STL) (‡Ì-„Î. Standard 
Template Library)
 []

Package babel Info: Redefining russian shorthand "|
(babel)             in language  on input line 129.
Package babel Info: Redefining russian shorthand "~
(babel)             in language  on input line 129.
Package babel Info: Redefining russian shorthand "|
(babel)             in language  on input line 129.
Package babel Info: Redefining russian shorthand "~
(babel)             in language  on input line 129.
[4

]
Package babel Info: Redefining russian shorthand "|
(babel)             in language  on input line 129.
Package babel Info: Redefining russian shorthand "~
(babel)             in language  on input line 129.
Package babel Info: Redefining russian shorthand "|
(babel)             in language  on input line 167.
Package babel Info: Redefining russian shorthand "~
(babel)             in language  on input line 167.
Package babel Info: Redefining russian shorthand "|
(babel)             in language  on input line 167.
Package babel Info: Redefining russian shorthand "~
(babel)             in language  on input line 167.
 [5

]
Package babel Info: Redefining russian shorthand "|
(babel)             in language  on input line 167.
Package babel Info: Redefining russian shorthand "~
(babel)             in language  on input line 167.
Package babel Info: Redefining russian shorthand "|
(babel)             in language  on input line 171.
Package babel Info: Redefining russian shorthand "~
(babel)             in language  on input line 171.
<vector.png, id=179, 361.35pt x 230.36063pt>
File: vector.png Graphic file (type png)
<use vector.png>
Package pdftex.def Info: vector.png  used on input line 179.
(pdftex.def)             Requested size: 325.21199pt x 207.32263pt.
LaTeX Font Info:    Try loading font information for T2A+cmtt on input line 194
.

("H:\–°—Ç–∞—Ä–∞—è –≤–∏–Ω–¥–∞\Users\Tom\Desktop\PortableTEX\texmfs\install\tex\l
atex\cyrillic\t2acmtt.fd"
File: t2acmtt.fd 2001/08/11 v1.0a Computer Modern Cyrillic font definitions
)
Overfull \hbox (9.36859pt too wide) in paragraph at lines 194--194
[]|[][]\T2A/cmtt/m/n/12 œÓ‚ÂÍ‡ ‚ÂÍÚÓ‡ Ì‡ ÔÛÒÚÓÚÛ. ¬ÓÁ‚‡˘‡ÂÚ ÁÌ‡˜ÂÌËÂ true,|
 
 []

Package babel Info: Redefining russian shorthand "|
(babel)             in language  on input line 217.
Package babel Info: Redefining russian shorthand "~
(babel)             in language  on input line 217.
Package babel Info: Redefining russian shorthand "|
(babel)             in language  on input line 217.
Package babel Info: Redefining russian shorthand "~
(babel)             in language  on input line 217.
[6

 <./vector.png>]
Underfull \hbox (badness 10000) in paragraph at lines 219--220

 []


Underfull \hbox (badness 10000) in paragraph at lines 235--236

 []

Package babel Info: Redefining russian shorthand "|
(babel)             in language  on input line 239.
Package babel Info: Redefining russian shorthand "~
(babel)             in language  on input line 239.
Package babel Info: Redefining russian shorthand "|
(babel)             in language  on input line 242.
Package babel Info: Redefining russian shorthand "~
(babel)             in language  on input line 242.
Package babel Info: Redefining russian shorthand "|
(babel)             in language  on input line 242.
Package babel Info: Redefining russian shorthand "~
(babel)             in language  on input line 242.
[7]
<list.png, id=196, 548.0475pt x 327.47343pt>
File: list.png Graphic file (type png)
<use list.png>
Package pdftex.def Info: list.png  used on input line 247.
(pdftex.def)             Requested size: 493.23819pt x 294.72337pt.

Overfull \hbox (9.54132pt too wide) in paragraph at lines 247--248
 [][] 
 []


Underfull \hbox (badness 10000) in paragraph at lines 276--277

 []

Package babel Info: Redefining russian shorthand "|
(babel)             in language  on input line 278.
Package babel Info: Redefining russian shorthand "~
(babel)             in language  on input line 278.
Package babel Info: Redefining russian shorthand "|
(babel)             in language  on input line 278.
Package babel Info: Redefining russian shorthand "~
(babel)             in language  on input line 278.
[8 <./list.png>]
Underfull \hbox (badness 10000) in paragraph at lines 301--302

 []


Underfull \hbox (badness 10000) in paragraph at lines 303--304

 []

Package babel Info: Redefining russian shorthand "|
(babel)             in language  on input line 324.
Package babel Info: Redefining russian shorthand "~
(babel)             in language  on input line 324.
Package babel Info: Redefining russian shorthand "|
(babel)             in language  on input line 324.
Package babel Info: Redefining russian shorthand "~
(babel)             in language  on input line 324.
[9]
Underfull \hbox (badness 10000) in paragraph at lines 328--329

 []

Package babel Info: Redefining russian shorthand "|
(babel)             in language  on input line 330.
Package babel Info: Redefining russian shorthand "~
(babel)             in language  on input line 330.

Underfull \hbox (badness 10000) in paragraph at lines 360--361

 []

Package babel Info: Redefining russian shorthand "|
(babel)             in language  on input line 363.
Package babel Info: Redefining russian shorthand "~
(babel)             in language  on input line 363.
Package babel Info: Redefining russian shorthand "|
(babel)             in language  on input line 363.
Package babel Info: Redefining russian shorthand "~
(babel)             in language  on input line 363.
[10]
Underfull \hbox (badness 10000) in paragraph at lines 385--386

 []


Underfull \hbox (badness 10000) in paragraph at lines 387--388

 []

Package babel Info: Redefining russian shorthand "|
(babel)             in language  on input line 404.
Package babel Info: Redefining russian shorthand "~
(babel)             in language  on input line 404.
Package babel Info: Redefining russian shorthand "|
(babel)             in language  on input line 404.
Package babel Info: Redefining russian shorthand "~
(babel)             in language  on input line 404.
[11]
Underfull \hbox (badness 10000) in paragraph at lines 407--408

 []

Package babel Info: Redefining russian shorthand "|
(babel)             in language  on input line 409.
Package babel Info: Redefining russian shorthand "~
(babel)             in language  on input line 409.
Package babel Info: Redefining russian shorthand "|
(babel)             in language  on input line 409.
Package babel Info: Redefining russian shorthand "~
(babel)             in language  on input line 409.
[12]
Package babel Info: Redefining russian shorthand "|
(babel)             in language  on input line 409.
Package babel Info: Redefining russian shorthand "~
(babel)             in language  on input line 409.

Underfull \hbox (badness 10000) in paragraph at lines 415--416

 []

<iterator1.png, id=231, 398.23781pt x 211.54031pt>
File: iterator1.png Graphic file (type png)
<use iterator1.png>
Package pdftex.def Info: iterator1.png  used on input line 421.
(pdftex.def)             Requested size: 358.4107pt x 190.3845pt.
<iterator2.png, id=232, 405.76593pt x 211.54031pt>
File: iterator2.png Graphic file (type png)
<use iterator2.png>
Package pdftex.def Info: iterator2.png  used on input line 427.
(pdftex.def)             Requested size: 365.18596pt x 190.3845pt.
<iterator3.png, id=233, 397.485pt x 222.07968pt>
File: iterator3.png Graphic file (type png)
<use iterator3.png>
Package pdftex.def Info: iterator3.png  used on input line 433.
(pdftex.def)             Requested size: 357.73318pt x 199.86986pt.
Package babel Info: Redefining russian shorthand "|
(babel)             in language  on input line 440.
Package babel Info: Redefining russian shorthand "~
(babel)             in language  on input line 440.
Package babel Info: Redefining russian shorthand "|
(babel)             in language  on input line 440.
Package babel Info: Redefining russian shorthand "~
(babel)             in language  on input line 440.
[13

 <./iterator1.png>]
Overfull \hbox (9.36859pt too wide) in paragraph at lines 461--461
[]|[][]\T2A/cmtt/m/n/12 ¬ÓÁ‚‡˘‡ÂÚ ËÚÂ‡ÚÓ, ÛÍ‡Á˚‚‡˛˘ËÈ Ì‡ ÔÓÒÎÂ‰Ì˛˛ ÔÓÁËˆË˛,|
 
 []

Package babel Info: Redefining russian shorthand "|
(babel)             in language  on input line 474.
Package babel Info: Redefining russian shorthand "~
(babel)             in language  on input line 474.
Package babel Info: Redefining russian shorthand "|
(babel)             in language  on input line 474.
Package babel Info: Redefining russian shorthand "~
(babel)             in language  on input line 474.
[14 <./iterator2.png> <./iterator3.png>]
Underfull \hbox (badness 10000) in paragraph at lines 477--478

 []


Underfull \hbox (badness 10000) in paragraph at lines 479--480

 []

Package babel Info: Redefining russian shorthand "|
(babel)             in language  on input line 489.
Package babel Info: Redefining russian shorthand "~
(babel)             in language  on input line 489.
Package babel Info: Redefining russian shorthand "|
(babel)             in language  on input line 489.
Package babel Info: Redefining russian shorthand "~
(babel)             in language  on input line 489.
[15]
Underfull \hbox (badness 10000) in paragraph at lines 489--490

 []


Overfull \hbox (12.25945pt too wide) in paragraph at lines 512--513
[]\T2A/ftm/m/n/14.4 ƒÎˇ ÔÛÌÍ-Ú‡ ‡) ÌÂÓ·-ıÓ-‰Ë-ÏÓ ËÒ-ÔÓÎ¸-ÁÓ-‚‡Ú¸ ÙÛÌÍ-ˆËË remov
eif Ë erase. Removeif
 []

Package babel Info: Redefining russian shorthand "|
(babel)             in language  on input line 534.
Package babel Info: Redefining russian shorthand "~
(babel)             in language  on input line 534.
Package babel Info: Redefining russian shorthand "|
(babel)             in language  on input line 534.
Package babel Info: Redefining russian shorthand "~
(babel)             in language  on input line 534.
[16]
Package babel Info: Redefining russian shorthand "|
(babel)             in language  on input line 548.
Package babel Info: Redefining russian shorthand "~
(babel)             in language  on input line 548.
Package babel Info: Redefining russian shorthand "|
(babel)             in language  on input line 548.
Package babel Info: Redefining russian shorthand "~
(babel)             in language  on input line 548.
 [17]
Package babel Info: Redefining russian shorthand "|
(babel)             in language  on input line 548.
Package babel Info: Redefining russian shorthand "~
(babel)             in language  on input line 548.
Package babel Info: Redefining russian shorthand "|
(babel)             in language  on input line 553.
Package babel Info: Redefining russian shorthand "~
(babel)             in language  on input line 553.
<stack1.jpg, id=265, 474.77374pt x 257.96375pt>
File: stack1.jpg Graphic file (type jpg)
<use stack1.jpg>
Package pdftex.def Info: stack1.jpg  used on input line 561.
(pdftex.def)             Requested size: 427.29242pt x 232.1652pt.

Underfull \hbox (badness 10000) in paragraph at lines 567--568

 []


Underfull \hbox (badness 10000) in paragraph at lines 585--586

 []

Package babel Info: Redefining russian shorthand "|
(babel)             in language  on input line 592.
Package babel Info: Redefining russian shorthand "~
(babel)             in language  on input line 592.
Package babel Info: Redefining russian shorthand "|
(babel)             in language  on input line 592.
Package babel Info: Redefining russian shorthand "~
(babel)             in language  on input line 592.
[18

 <./stack1.jpg>]
Underfull \hbox (badness 10000) in paragraph at lines 602--603

 []


Underfull \hbox (badness 10000) in paragraph at lines 604--605

 []

Package babel Info: Redefining russian shorthand "|
(babel)             in language  on input line 623.
Package babel Info: Redefining russian shorthand "~
(babel)             in language  on input line 623.
Package babel Info: Redefining russian shorthand "|
(babel)             in language  on input line 623.
Package babel Info: Redefining russian shorthand "~
(babel)             in language  on input line 623.
[19]
Underfull \hbox (badness 10000) in paragraph at lines 626--627

 []

Package babel Info: Redefining russian shorthand "|
(babel)             in language  on input line 630.
Package babel Info: Redefining russian shorthand "~
(babel)             in language  on input line 630.
<queue.png, id=281, 406.51875pt x 265.99374pt>
File: queue.png Graphic file (type png)
<use queue.png>
Package pdftex.def Info: queue.png  used on input line 637.
(pdftex.def)             Requested size: 365.86348pt x 239.39215pt.

Underfull \hbox (badness 10000) in paragraph at lines 643--644

 []


Underfull \hbox (badness 10000) in paragraph at lines 662--663

 []

Package babel Info: Redefining russian shorthand "|
(babel)             in language  on input line 669.
Package babel Info: Redefining russian shorthand "~
(babel)             in language  on input line 669.
Package babel Info: Redefining russian shorthand "|
(babel)             in language  on input line 669.
Package babel Info: Redefining russian shorthand "~
(babel)             in language  on input line 669.
[20 <./queue.png>]
Package babel Info: Redefining russian shorthand "|
(babel)             in language  on input line 700.
Package babel Info: Redefining russian shorthand "~
(babel)             in language  on input line 700.
Package babel Info: Redefining russian shorthand "|
(babel)             in language  on input line 700.
Package babel Info: Redefining russian shorthand "~
(babel)             in language  on input line 700.
 [21]
Underfull \hbox (badness 10000) in paragraph at lines 707--708

 []

Package babel Info: Redefining russian shorthand "|
(babel)             in language  on input line 709.
Package babel Info: Redefining russian shorthand "~
(babel)             in language  on input line 709.
Package babel Info: Redefining russian shorthand "|
(babel)             in language  on input line 709.
Package babel Info: Redefining russian shorthand "~
(babel)             in language  on input line 709.
[22]
Package babel Info: Redefining russian shorthand "|
(babel)             in language  on input line 709.
Package babel Info: Redefining russian shorthand "~
(babel)             in language  on input line 709.
Package babel Info: Redefining russian shorthand "|
(babel)             in language  on input line 713.
Package babel Info: Redefining russian shorthand "~
(babel)             in language  on input line 713.
<set.jpg, id=300, 377.41pt x 134.5025pt>
File: set.jpg Graphic file (type jpg)
<use set.jpg>
Package pdftex.def Info: set.jpg  used on input line 721.
(pdftex.def)             Requested size: 339.66585pt x 121.0511pt.

Underfull \hbox (badness 10000) in paragraph at lines 727--728

 []


Underfull \hbox (badness 10000) in paragraph at lines 747--748

 []

Package babel Info: Redefining russian shorthand "|
(babel)             in language  on input line 748.
Package babel Info: Redefining russian shorthand "~
(babel)             in language  on input line 748.
Package babel Info: Redefining russian shorthand "|
(babel)             in language  on input line 748.
Package babel Info: Redefining russian shorthand "~
(babel)             in language  on input line 748.
[23

 <./set.jpg>]
Package babel Info: Redefining russian shorthand "|
(babel)             in language  on input line 791.
Package babel Info: Redefining russian shorthand "~
(babel)             in language  on input line 791.
Package babel Info: Redefining russian shorthand "|
(babel)             in language  on input line 791.
Package babel Info: Redefining russian shorthand "~
(babel)             in language  on input line 791.
 [24]
Underfull \hbox (badness 10000) in paragraph at lines 811--812

 []

Package babel Info: Redefining russian shorthand "|
(babel)             in language  on input line 829.
Package babel Info: Redefining russian shorthand "~
(babel)             in language  on input line 829.
Package babel Info: Redefining russian shorthand "|
(babel)             in language  on input line 829.
Package babel Info: Redefining russian shorthand "~
(babel)             in language  on input line 829.
[25]
Package babel Info: Redefining russian shorthand "|
(babel)             in language  on input line 872.
Package babel Info: Redefining russian shorthand "~
(babel)             in language  on input line 872.
Package babel Info: Redefining russian shorthand "|
(babel)             in language  on input line 876.
Package babel Info: Redefining russian shorthand "~
(babel)             in language  on input line 876.
Package babel Info: Redefining russian shorthand "|
(babel)             in language  on input line 876.
Package babel Info: Redefining russian shorthand "~
(babel)             in language  on input line 876.
 [26]
<map.png, id=324, 184.43906pt x 216.81pt>
File: map.png Graphic file (type png)
<use map.png>
Package pdftex.def Info: map.png  used on input line 881.
(pdftex.def)             Requested size: 165.9936pt x 195.12718pt.

Underfull \hbox (badness 10000) in paragraph at lines 887--888

 []

Package babel Info: Redefining russian shorthand "|
(babel)             in language  on input line 906.
Package babel Info: Redefining russian shorthand "~
(babel)             in language  on input line 906.
Package babel Info: Redefining russian shorthand "|
(babel)             in language  on input line 906.
Package babel Info: Redefining russian shorthand "~
(babel)             in language  on input line 906.
[27 <./map.png>]
Package babel Info: Redefining russian shorthand "|
(babel)             in language  on input line 928.
Package babel Info: Redefining russian shorthand "~
(babel)             in language  on input line 928.
Package babel Info: Redefining russian shorthand "|
(babel)             in language  on input line 928.
Package babel Info: Redefining russian shorthand "~
(babel)             in language  on input line 928.
 [28]
Package babel Info: Redefining russian shorthand "|
(babel)             in language  on input line 928.
Package babel Info: Redefining russian shorthand "~
(babel)             in language  on input line 928.
Package babel Info: Redefining russian shorthand "|
(babel)             in language  on input line 933.
Package babel Info: Redefining russian shorthand "~
(babel)             in language  on input line 933.
Package babel Info: Redefining russian shorthand "|
(babel)             in language  on input line 933.
Package babel Info: Redefining russian shorthand "~
(babel)             in language  on input line 933.
 [29

]
Package babel Info: Redefining russian shorthand "|
(babel)             in language  on input line 933.
Package babel Info: Redefining russian shorthand "~
(babel)             in language  on input line 933.
 (pract-Burdavitsyn.bbl
Package babel Info: Redefining russian shorthand "|
(babel)             in language  on input line 1.
Package babel Info: Redefining russian shorthand "~
(babel)             in language  on input line 1.
Package babel Info: Redefining russian shorthand "|
(babel)             in language  on input line 1.
Package babel Info: Redefining russian shorthand "~
(babel)             in language  on input line 1.
 [30

]
Package babel Info: Redefining russian shorthand "|
(babel)             in language  on input line 1.
Package babel Info: Redefining russian shorthand "~
(babel)             in language  on input line 1.

Underfull \hbox (badness 5431) in paragraph at lines 69--72
[]\T2A/ftm/m/n/14.4 ›ÎÂÍÚÓÌÌ˚È ÍÛÒ: ŒÁÌ‡ÍÓÏËÚÂÎ¸Ì‡ˇ (Û˜Â·Ì‡ˇ) Ô‡ÍÚËÍ‡ ÃŒ¿»—
 []

)
Package babel Info: Redefining russian shorthand "|
(babel)             in language  on input line 951.
Package babel Info: Redefining russian shorthand "~
(babel)             in language  on input line 951.
Package babel Info: Redefining russian shorthand "|
(babel)             in language  on input line 951.
Package babel Info: Redefining russian shorthand "~
(babel)             in language  on input line 951.
 [31

]
Package babel Info: Redefining russian shorthand "|
(babel)             in language  on input line 951.
Package babel Info: Redefining russian shorthand "~
(babel)             in language  on input line 951.

Underfull \hbox (badness 10000) in paragraph at lines 953--954

 []


Underfull \hbox (badness 10000) in paragraph at lines 975--976

 []

Package babel Info: Redefining russian shorthand "|
(babel)             in language  on input line 976.
Package babel Info: Redefining russian shorthand "~
(babel)             in language  on input line 976.
Package babel Info: Redefining russian shorthand "|
(babel)             in language  on input line 976.
Package babel Info: Redefining russian shorthand "~
(babel)             in language  on input line 976.
[32

]
Package babel Info: Redefining russian shorthand "|
(babel)             in language  on input line 978.
Package babel Info: Redefining russian shorthand "~
(babel)             in language  on input line 978.
Package babel Info: Redefining russian shorthand "|
(babel)             in language  on input line 978.
Package babel Info: Redefining russian shorthand "~
(babel)             in language  on input line 978.
 [33]
Package babel Info: Redefining russian shorthand "|
(babel)             in language  on input line 978.
Package babel Info: Redefining russian shorthand "~
(babel)             in language  on input line 978.
Package babel Info: Redefining russian shorthand "|
(babel)             in language  on input line 978.
Package babel Info: Redefining russian shorthand "~
(babel)             in language  on input line 978.
 [34]
Package babel Info: Redefining russian shorthand "|
(babel)             in language  on input line 997.
Package babel Info: Redefining russian shorthand "~
(babel)             in language  on input line 997.
Package babel Info: Redefining russian shorthand "|
(babel)             in language  on input line 997.
Package babel Info: Redefining russian shorthand "~
(babel)             in language  on input line 997.
 [35]
Package babel Info: Redefining russian shorthand "|
(babel)             in language  on input line 997.
Package babel Info: Redefining russian shorthand "~
(babel)             in language  on input line 997.

Underfull \hbox (badness 10000) in paragraph at lines 999--1000

 []

Package babel Info: Redefining russian shorthand "|
(babel)             in language  on input line 1002.
Package babel Info: Redefining russian shorthand "~
(babel)             in language  on input line 1002.
Package babel Info: Redefining russian shorthand "|
(babel)             in language  on input line 1002.
Package babel Info: Redefining russian shorthand "~
(babel)             in language  on input line 1002.
[36

]
Underfull \hbox (badness 10000) in paragraph at lines 1022--1023

 []

Package babel Info: Redefining russian shorthand "|
(babel)             in language  on input line 1025.
Package babel Info: Redefining russian shorthand "~
(babel)             in language  on input line 1025.
Package babel Info: Redefining russian shorthand "|
(babel)             in language  on input line 1025.
Package babel Info: Redefining russian shorthand "~
(babel)             in language  on input line 1025.
[37]
Package babel Info: Redefining russian shorthand "|
(babel)             in language  on input line 1042.
Package babel Info: Redefining russian shorthand "~
(babel)             in language  on input line 1042.
Package babel Info: Redefining russian shorthand "|
(babel)             in language  on input line 1042.
Package babel Info: Redefining russian shorthand "~
(babel)             in language  on input line 1042.
 [38]
Package babel Info: Redefining russian shorthand "|
(babel)             in language  on input line 1042.
Package babel Info: Redefining russian shorthand "~
(babel)             in language  on input line 1042.

Underfull \hbox (badness 10000) in paragraph at lines 1044--1045

 []

Package babel Info: Redefining russian shorthand "|
(babel)             in language  on input line 1047.
Package babel Info: Redefining russian shorthand "~
(babel)             in language  on input line 1047.
Package babel Info: Redefining russian shorthand "|
(babel)             in language  on input line 1047.
Package babel Info: Redefining russian shorthand "~
(babel)             in language  on input line 1047.
[39

]
Underfull \hbox (badness 10000) in paragraph at lines 1066--1067

 []

Package babel Info: Redefining russian shorthand "|
(babel)             in language  on input line 1069.
Package babel Info: Redefining russian shorthand "~
(babel)             in language  on input line 1069.
Package babel Info: Redefining russian shorthand "|
(babel)             in language  on input line 1069.
Package babel Info: Redefining russian shorthand "~
(babel)             in language  on input line 1069.
[40]
Package babel Info: Redefining russian shorthand "|
(babel)             in language  on input line 1085.
Package babel Info: Redefining russian shorthand "~
(babel)             in language  on input line 1085.
Package babel Info: Redefining russian shorthand "|
(babel)             in language  on input line 1085.
Package babel Info: Redefining russian shorthand "~
(babel)             in language  on input line 1085.
 [41]
Package babel Info: Redefining russian shorthand "|
(babel)             in language  on input line 1085.
Package babel Info: Redefining russian shorthand "~
(babel)             in language  on input line 1085.

Underfull \hbox (badness 10000) in paragraph at lines 1095--1096

 []

Package babel Info: Redefining russian shorthand "|
(babel)             in language  on input line 1099.
Package babel Info: Redefining russian shorthand "~
(babel)             in language  on input line 1099.
Package babel Info: Redefining russian shorthand "|
(babel)             in language  on input line 1099.
Package babel Info: Redefining russian shorthand "~
(babel)             in language  on input line 1099.
[42

]
Package babel Info: Redefining russian shorthand "|
(babel)             in language  on input line 1099.
Package babel Info: Redefining russian shorthand "~
(babel)             in language  on input line 1099.
Package babel Info: Redefining russian shorthand "|
(babel)             in language  on input line 1099.
Package babel Info: Redefining russian shorthand "~
(babel)             in language  on input line 1099.
 [43]
Overfull \hbox (29.89874pt too wide) in paragraph at lines 1108--1108
[]|[][]\T2A/cmtt/m/n/12 ‡) Û‰‡ÎËÚ¸ ‚ÒÂ ÚÓ˜ÍË ËÁ I ˜ÂÚ‚ÂÚË| 
 []


Overfull \hbox (48.41922pt too wide) in paragraph at lines 1109--1109
[]|[][]\T2A/cmtt/m/n/12 (-1,-1), (-10,10), (47,-89), (-47,89)| 
 []


Overfull \hbox (171.88907pt too wide) in paragraph at lines 1110--1110
[]|[][]\T2A/cmtt/m/n/12 ·) ÔÓ‰Ò˜ËÚ‡Ú¸ ÍÓÎË˜ÂÒÚ‚Ó ÚÓ˜ÂÍ, Û ÍÓÚÓ˚ı x Ë y ÒÓ‚Ô‡‰‡
˛Ú| 
 []


Overfull \hbox (147.1951pt too wide) in paragraph at lines 1112--1112
[]|[][]\T2A/cmtt/m/n/12 ‚) Ì‡ÈÚË Ì‡Ë·ÓÎÂÂ Û‰‡ÎºÌÌÛ˛ ÓÚ Ì‡˜‡Î‡ ÍÓÓ‰ËÌ‡Ú ÚÓ˜ÍÛ| 

 []


Overfull \hbox (122.50113pt too wide) in paragraph at lines 1114--1114
[]|[][]\T2A/cmtt/m/n/12 „) ‡ÒÔÓÎÓÊËÚ¸ ‚ ÔÓˇ‰ÍÂ ‚ÓÁ‡ÒÚ‡ÌËˇ ÍÓÓ‰ËÌ‡Ú˚ x| 
 []


Overfull \hbox (42.24573pt too wide) in paragraph at lines 1115--1115
[]|[][]\T2A/cmtt/m/n/12 (-47,89), (-10,10), (-1,-1), (47,89)| 
 []

Package babel Info: Redefining russian shorthand "|
(babel)             in language  on input line 1120.
Package babel Info: Redefining russian shorthand "~
(babel)             in language  on input line 1120.
Package babel Info: Redefining russian shorthand "|
(babel)             in language  on input line 1120.
Package babel Info: Redefining russian shorthand "~
(babel)             in language  on input line 1120.
[44]
Package babel Info: Redefining russian shorthand "|
(babel)             in language  on input line 1120.
Package babel Info: Redefining russian shorthand "~
(babel)             in language  on input line 1120.

Underfull \hbox (badness 10000) in paragraph at lines 1122--1123

 []

Package babel Info: Redefining russian shorthand "|
(babel)             in language  on input line 1125.
Package babel Info: Redefining russian shorthand "~
(babel)             in language  on input line 1125.
Package babel Info: Redefining russian shorthand "|
(babel)             in language  on input line 1125.
Package babel Info: Redefining russian shorthand "~
(babel)             in language  on input line 1125.
[45

]
Underfull \hbox (badness 10000) in paragraph at lines 1142--1143

 []

Package babel Info: Redefining russian shorthand "|
(babel)             in language  on input line 1145.
Package babel Info: Redefining russian shorthand "~
(babel)             in language  on input line 1145.
Package babel Info: Redefining russian shorthand "|
(babel)             in language  on input line 1145.
Package babel Info: Redefining russian shorthand "~
(babel)             in language  on input line 1145.
[46]
Underfull \hbox (badness 10000) in paragraph at lines 1166--1167

 []

Package babel Info: Redefining russian shorthand "|
(babel)             in language  on input line 1167.
Package babel Info: Redefining russian shorthand "~
(babel)             in language  on input line 1167.
Package babel Info: Redefining russian shorthand "|
(babel)             in language  on input line 1167.
Package babel Info: Redefining russian shorthand "~
(babel)             in language  on input line 1167.
[47]
Package babel Info: Redefining russian shorthand "|
(babel)             in language  on input line 1169.
Package babel Info: Redefining russian shorthand "~
(babel)             in language  on input line 1169.
Package babel Info: Redefining russian shorthand "|
(babel)             in language  on input line 1169.
Package babel Info: Redefining russian shorthand "~
(babel)             in language  on input line 1169.
 [48]
Package babel Info: Redefining russian shorthand "|
(babel)             in language  on input line 1169.
Package babel Info: Redefining russian shorthand "~
(babel)             in language  on input line 1169.
Package babel Info: Redefining russian shorthand "|
(babel)             in language  on input line 1169.
Package babel Info: Redefining russian shorthand "~
(babel)             in language  on input line 1169.
 [49]
Package babel Info: Redefining russian shorthand "|
(babel)             in language  on input line 1190.
Package babel Info: Redefining russian shorthand "~
(babel)             in language  on input line 1190.
Package babel Info: Redefining russian shorthand "|
(babel)             in language  on input line 1190.
Package babel Info: Redefining russian shorthand "~
(babel)             in language  on input line 1190.
 [50]
Package babel Info: Redefining russian shorthand "|
(babel)             in language  on input line 1190.
Package babel Info: Redefining russian shorthand "~
(babel)             in language  on input line 1190.

Underfull \hbox (badness 10000) in paragraph at lines 1192--1193

 []

Package babel Info: Redefining russian shorthand "|
(babel)             in language  on input line 1195.
Package babel Info: Redefining russian shorthand "~
(babel)             in language  on input line 1195.
Package babel Info: Redefining russian shorthand "|
(babel)             in language  on input line 1195.
Package babel Info: Redefining russian shorthand "~
(babel)             in language  on input line 1195.
[51

]
Underfull \hbox (badness 10000) in paragraph at lines 1212--1213

 []

Package babel Info: Redefining russian shorthand "|
(babel)             in language  on input line 1213.
Package babel Info: Redefining russian shorthand "~
(babel)             in language  on input line 1213.
Package babel Info: Redefining russian shorthand "|
(babel)             in language  on input line 1213.
Package babel Info: Redefining russian shorthand "~
(babel)             in language  on input line 1213.
[52]
Package babel Info: Redefining russian shorthand "|
(babel)             in language  on input line 1215.
Package babel Info: Redefining russian shorthand "~
(babel)             in language  on input line 1215.
Package babel Info: Redefining russian shorthand "|
(babel)             in language  on input line 1215.
Package babel Info: Redefining russian shorthand "~
(babel)             in language  on input line 1215.
 [53]
Package babel Info: Redefining russian shorthand "|
(babel)             in language  on input line 1215.
Package babel Info: Redefining russian shorthand "~
(babel)             in language  on input line 1215.
Package babel Info: Redefining russian shorthand "|
(babel)             in language  on input line 1215.
Package babel Info: Redefining russian shorthand "~
(babel)             in language  on input line 1215.
 [54]
Package babel Info: Redefining russian shorthand "|
(babel)             in language  on input line 1232.
Package babel Info: Redefining russian shorthand "~
(babel)             in language  on input line 1232.
Package babel Info: Redefining russian shorthand "|
(babel)             in language  on input line 1232.
Package babel Info: Redefining russian shorthand "~
(babel)             in language  on input line 1232.
 [55]
Package babel Info: Redefining russian shorthand "|
(babel)             in language  on input line 1232.
Package babel Info: Redefining russian shorthand "~
(babel)             in language  on input line 1232.

Underfull \hbox (badness 10000) in paragraph at lines 1234--1235

 []

Package babel Info: Redefining russian shorthand "|
(babel)             in language  on input line 1237.
Package babel Info: Redefining russian shorthand "~
(babel)             in language  on input line 1237.
Package babel Info: Redefining russian shorthand "|
(babel)             in language  on input line 1237.
Package babel Info: Redefining russian shorthand "~
(babel)             in language  on input line 1237.
[56

]
Overfull \hbox (5.20477pt too wide) in paragraph at lines 1246--1246
[]|[][]\T2A/cmtt/m/n/12 12  a f d f a f a ra a a a 7 a| 
 []

Package babel Info: Redefining russian shorthand "|
(babel)             in language  on input line 1253.
Package babel Info: Redefining russian shorthand "~
(babel)             in language  on input line 1253.
Package babel Info: Redefining russian shorthand "|
(babel)             in language  on input line 1253.
Package babel Info: Redefining russian shorthand "~
(babel)             in language  on input line 1253.
[57]
Package babel Info: Redefining russian shorthand "|
(babel)             in language  on input line 1253.
Package babel Info: Redefining russian shorthand "~
(babel)             in language  on input line 1253.

Underfull \hbox (badness 10000) in paragraph at lines 1255--1256

 []

Package babel Info: Redefining russian shorthand "|
(babel)             in language  on input line 1258.
Package babel Info: Redefining russian shorthand "~
(babel)             in language  on input line 1258.
Package babel Info: Redefining russian shorthand "|
(babel)             in language  on input line 1258.
Package babel Info: Redefining russian shorthand "~
(babel)             in language  on input line 1258.
[58

]
Package babel Info: Redefining russian shorthand "|
(babel)             in language  on input line 1258.
Package babel Info: Redefining russian shorthand "~
(babel)             in language  on input line 1258.
Package babel Info: Redefining russian shorthand "|
(babel)             in language  on input line 1258.
Package babel Info: Redefining russian shorthand "~
(babel)             in language  on input line 1258.
 [59]
Package atveryend Info: Empty hook `BeforeClearDocument' on input line 1260.
Package babel Info: Redefining russian shorthand "|
(babel)             in language  on input line 1260.
Package babel Info: Redefining russian shorthand "~
(babel)             in language  on input line 1260.
Package babel Info: Redefining russian shorthand "|
(babel)             in language  on input line 1260.
Package babel Info: Redefining russian shorthand "~
(babel)             in language  on input line 1260.
 [60]
Package atveryend Info: Empty hook `AfterLastShipout' on input line 1260.
 (pract-Burdavitsyn.aux)
Package atveryend Info: Executing hook `AtVeryEndDocument' on input line 1260.
Package atveryend Info: Executing hook `AtEndAfterFileList' on input line 1260.

Package rerunfilecheck Info: File `pract-Burdavitsyn.out' has not changed.
(rerunfilecheck)             Checksum: 36A82D958FEB1FF3F6CDD9AA3662522C;4155.
Package atveryend Info: Empty hook `AtVeryVeryEnd' on input line 1260.
 ) 
Here is how much of TeX's memory you used:
 13660 strings out of 493307
 204161 string characters out of 3129325
 279742 words of memory out of 3000000
 16867 multiletter control sequences out of 15000+200000
 21770 words of font info for 56 fonts, out of 3000000 for 9000
 1141 hyphenation exceptions out of 8191
 43i,11n,40p,597b,514s stack positions out of 5000i,500n,10000p,200000b,50000s
 <H:\–°—Ç–∞—Ä–∞—è –≤–∏–Ω–¥–∞\Users\Tom\Desktop\PortableTEX\texmfs/data\fonts\
pk\ljfour\lh\lh-t2a\dpi600\latt1000.pk>{H:/–°—Ç–∞—Ä–∞—è –≤–∏–Ω–¥–∞/Users/Tom/De
sktop/PortableTEX/texmfs/install/fonts/enc/t2/t2a.enc} <H:\–°—Ç–∞—Ä–∞—è –≤–∏–Ω–
¥–∞\Users\Tom\Desktop\PortableTEX\texmfs/data\fonts\pk\ljfour\lh\lh-t2a\dpi600\
latt1440.pk> <H:\–°—Ç–∞—Ä–∞—è –≤–∏–Ω–¥–∞\Users\Tom\Desktop\PortableTEX\texmfs/d
ata\fonts\pk\ljfour\lh\lh-t2a\dpi600\latt1200.pk><H:/–°—Ç–∞—Ä–∞—è –≤–∏–Ω–¥–∞/Us
ers/Tom/Desktop/PortableTEX/texmfs/localtexmf/fonts/type1/public/pscyr/times.pf
b><H:/–°—Ç–∞—Ä–∞—è –≤–∏–Ω–¥–∞/Users/Tom/Desktop/PortableTEX/texmfs/localtexmf/f
onts/type1/public/pscyr/timesbd.pfb><H:/–°—Ç–∞—Ä–∞—è –≤–∏–Ω–¥–∞/Users/Tom/Deskt
op/PortableTEX/texmfs/localtexmf/fonts/type1/public/pscyr/timesi.pfb>
Output written on pract-Burdavitsyn.pdf (60 pages, 361592 bytes).
PDF statistics:
 796 PDF objects out of 1000 (max. 8388607)
 128 named destinations out of 1000 (max. 500000)
 238 words of extra memory for PDF output out of 10000 (max. 10000000)

