\BOOKMARK [1][-]{section*.1}{\376\377\004\022\004\022\004\025\004\024\004\025\004\035\004\030\004\025}{}% 1
\BOOKMARK [1][-]{section.1}{\376\377\004\030\004\101\004\102\004\076\004\100\004\070\004\117\000\040\004\070\000\040\004\076\004\061\004\111\004\070\004\065\000\040\004\101\004\062\004\065\004\064\004\065\004\075\004\070\004\117\000\040\004\076\000\040\004\061\004\070\004\061\004\073\004\070\004\076\004\102\004\065\004\072\004\065}{}% 2
\BOOKMARK [1][-]{section.2}{\376\377\004\037\004\076\004\101\004\073\004\065\004\064\004\076\004\062\004\060\004\102\004\065\004\073\004\114\004\075\004\113\004\065\000\040\004\072\004\076\004\075\004\102\004\065\004\071\004\075\004\065\004\100\004\113}{}% 3
\BOOKMARK [2][-]{subsection.2.1}{\376\377\004\022\004\065\004\072\004\102\004\076\004\100}{section.2}% 4
\BOOKMARK [2][-]{subsection.2.2}{\376\377\004\041\004\077\004\070\004\101\004\076\004\072}{section.2}% 5
\BOOKMARK [2][-]{subsection.2.3}{\376\377\004\024\004\065\004\072}{section.2}% 6
\BOOKMARK [1][-]{section.3}{\376\377\004\030\004\102\004\065\004\100\004\060\004\102\004\076\004\100\004\113\000,\000\040\004\060\004\073\004\063\004\076\004\100\004\070\004\102\004\074\004\113\000,\000\040\004\104\004\103\004\075\004\072\004\102\004\076\004\100\004\113}{}% 7
\BOOKMARK [1][-]{section.4}{\376\377\004\032\004\076\004\075\004\102\004\065\004\071\004\075\004\065\004\100\004\113\000-\004\060\004\064\004\060\004\077\004\102\004\065\004\100\004\113}{}% 8
\BOOKMARK [2][-]{subsection.4.1}{\376\377\004\041\004\102\004\065\004\072}{section.4}% 9
\BOOKMARK [2][-]{subsection.4.2}{\376\377\004\036\004\107\004\065\004\100\004\065\004\064\004\114}{section.4}% 10
\BOOKMARK [1][-]{section.5}{\376\377\004\020\004\101\004\101\004\076\004\106\004\070\004\060\004\102\004\070\004\062\004\075\004\113\004\065\000\040\004\072\004\076\004\075\004\102\004\065\004\071\004\075\004\065\004\100\004\113}{}% 11
\BOOKMARK [2][-]{subsection.5.1}{\376\377\004\034\004\075\004\076\004\066\004\065\004\101\004\102\004\062\004\076}{section.5}% 12
\BOOKMARK [2][-]{subsection.5.2}{\376\377\004\036\004\102\004\076\004\061\004\100\004\060\004\066\004\065\004\075\004\070\004\065}{section.5}% 13
\BOOKMARK [1][-]{section.6}{\376\377\004\030\004\101\004\077\004\076\004\073\004\114\004\067\004\076\004\062\004\060\004\075\004\070\004\065\000\040\004\072\004\076\004\075\004\102\004\065\004\071\004\075\004\065\004\100\004\076\004\062\000\040\004\070\000\040\004\060\004\073\004\063\004\076\004\100\004\070\004\102\004\074\004\076\004\062\000\040\000S\000T\000L}{}% 14
\BOOKMARK [1][-]{section*.18}{\376\377\004\027\004\020\004\032\004\033\004\056\004\047\004\025\004\035\004\030\004\025}{}% 15
\BOOKMARK [1][-]{section*.19}{\376\377\004\041\004\037\004\030\004\041\004\036\004\032\000\040\004\030\004\041\004\037\004\036\004\033\004\054\004\027\004\036\004\022\004\020\004\035\004\035\004\053\004\045\000\040\004\030\004\041\004\042\004\036\004\047\004\035\004\030\004\032\004\036\004\022}{}% 16
\BOOKMARK [1][-]{appendix.A}{\376\377\004\022\004\065\004\072\004\102\004\076\004\100}{}% 17
\BOOKMARK [1][-]{appendix.B}{\376\377\004\041\004\077\004\070\004\101\004\076\004\072}{}% 18
\BOOKMARK [1][-]{appendix.C}{\376\377\004\024\004\065\004\072}{}% 19
\BOOKMARK [1][-]{appendix.D}{\376\377\004\020\004\073\004\063\004\076\004\100\004\070\004\102\004\074\004\113}{}% 20
\BOOKMARK [1][-]{appendix.E}{\376\377\004\041\004\102\004\065\004\072\000\040\004\070\000\040\004\076\004\107\004\065\004\100\004\065\004\064\004\114}{}% 21
\BOOKMARK [1][-]{appendix.F}{\376\377\004\034\004\075\004\076\004\066\004\065\004\101\004\102\004\062\004\076}{}% 22
\BOOKMARK [1][-]{appendix.G}{\376\377\004\036\004\102\004\076\004\061\004\100\004\060\004\066\004\065\004\075\004\070\004\117}{}% 23
\BOOKMARK [1][-]{appendix.H}{\376\377\004\030\004\101\004\077\004\076\004\073\004\114\004\067\004\076\004\062\004\060\004\075\004\070\004\065\000\040\004\072\004\076\004\075\004\102\004\065\004\071\004\075\004\065\004\100\004\076\004\062\000\040\004\070\000\040\004\060\004\073\004\063\004\076\004\100\004\070\004\102\004\074\004\076\004\062\000\040\000S\000T\000L}{}% 24
